[2023-04-27 08:44:38,887->resubmit.py->main():49]INFO: Connecting. . .
[2023-04-27 10:00:51,672->resubmit.py->main():54]INFO: Reading report . . .
[2023-04-27 10:00:51,711->resubmit.py->main():58]INFO: Connecting. . .
[2023-04-27 10:02:44,219->resubmit.py->main():54]INFO: Reading report . . .
[2023-04-27 10:02:44,246->resubmit.py->main():60]INFO: Connecting. . .
[2023-04-27 10:03:24,147->resubmit.py->main():54]INFO: Reading report . . .
[2023-04-27 10:03:45,609->resubmit.py->main():54]INFO: Reading report . . .
[2023-04-27 10:04:01,711->resubmit.py->main():54]INFO: Reading report . . .
[2023-04-27 10:04:01,739->resubmit.py->main():60]INFO: Connecting. . .
[2023-04-27 10:04:56,294->resubmit.py->main():54]INFO: Reading report . . .
[2023-04-27 10:04:56,326->resubmit.py->main():60]INFO: Connecting. . .
[2023-04-27 10:10:13,293->resubmit.py->main():54]INFO: Reading report . . .
[2023-04-27 10:10:13,324->resubmit.py->main():60]INFO: Connecting. . .
[2023-04-27 10:10:49,104->resubmit.py->main():54]INFO: Reading report . . .
[2023-04-27 10:10:49,133->resubmit.py->main():60]INFO: Connecting. . .
[2023-04-27 10:15:05,260->resubmit.py->main():54]INFO: Reading report . . .
[2023-04-27 10:15:05,289->resubmit.py->main():60]INFO: Connecting. . .
[2023-04-27 10:19:53,302->resubmit.py->main():54]INFO: Reading report . . .
[2023-04-27 10:19:53,338->resubmit.py->main():60]INFO: Connecting. . .
[2023-04-27 10:20:21,061->resubmit.py->main():54]INFO: Reading report . . .
[2023-04-27 10:20:21,087->resubmit.py->main():60]INFO: Connecting. . .
[2023-04-27 10:20:21,757->resubmit.py->main():82]DEBUG: 
                     SELECT _ProcedureInstance_key, OrganismID, _LevelTwoReviewAction_key
                     FROM
                        ProcedureInstance
                        INNER JOIN ProcedureInstanceOrganism USING (_ProcedureInstance_key)
                        INNER JOIN Organism USING (_Organism_key)
                        INNER JOIN ProcedureDefinitionVersion USING (_ProcedureDefinitionVersion_key)
                        INNER JOIN ProcedureDefinition USING (_ProcedureDefinition_key)
                        WHERE
                        ProcedureDefinition.ExternalID = 'IMPC_ABR_002' AND OrganismID IN (?, ?, ?, ?, ?, ?, ?, ?, ?, ?, ?, ?, ?, ?, ?, ?, ?, ?, ?, ?, ?, ?, ?, ?, ?, ?, ?, ?, ?, ?, ?, ?, ?, ?, ?, ?, ?, ?, ?, ?, ?, ?, ?, ?, ?, ?, ?, ?, ?, ?, ?, ?, ?, ?, ?, ?, ?, ?, ?, ?, ?, ?, ?, ?, ?, ?, ?, ?, ?, ?, ?, ?, ?, ?, ?, ?, ?, ?, ?, ?, ?, ?, ?, ?, ?, ?, ?, ?, ?, ?, ?, ?, ?, ?, ?, ?, ?, ?, ?, ?, ?, ?, ?, ?, ?, ?, ?, ?, ?, ?, ?, ?, ?, ?, ?, ?, ?, ?, ?, ?, ?, ?, ?, ?, ?, ?, ?, ?, ?, ?, ?, ?, ?, ?, ?, ?, ?, ?, ?, ?, ?, ?, ?, ?, ?, ?, ?, ?, ?, ?, ?, ?, ?, ?, ?, ?, ?, ?, ?, ?, ?, ?, ?, ?, ?, ?, ?, ?, ?, ?, ?, ?, ?, ?, ?, ?, ?, ?, ?, ?, ?, ?, ?, ?, ?, ?, ?, ?, ?, ?, ?, ?, ?, ?, ?, ?, ?, ?, ?, ?, ?, ?, ?, ?, ?, ?, ?, ?, ?, ?, ?, ?, ?, ?, ?, ?, ?, ?, ?, ?, ?, ?, ?, ?, ?, ?, ?, ?, ?, ?, ?, ?, ?, ?, ?, ?, ?, ?, ?, ?, ?, ?, ?, ?, ?, ?, ?, ?, ?, ?, ?, ?, ?, ?, ?, ?, ?, ?, ?, ?, ?, ?, ?, ?, ?, ?, ?, ?, ?, ?, ?, ?, ?, ?, ?, ?, ?, ?, ?, ?, ?, ?, ?, ?, ?, ?, ?, ?, ?, ?, ?, ?, ?, ?, ?, ?, ?, ?, ?, ?, ?, ?, ?, ?, ?, ?, ?, ?, ?, ?, ?, ?, ?, ?, ?, ?, ?, ?, ?, ?, ?, ?, ?, ?, ?, ?, ?, ?, ?, ?, ?, ?, ?, ?, ?, ?, ?, ?, ?, ?, ?, ?, ?, ?, ?, ?, ?, ?, ?, ?, ?, ?, ?, ?, ?, ?, ?, ?, ?, ?, ?, ?, ?, ?, ?, ?, ?, ?, ?, ?, ?, ?, ?, ?, ?, ?, ?, ?, ?, ?, ?, ?, ?, ?, ?, ?, ?, ?, ?, ?, ?, ?, ?, ?, ?, ?, ?, ?, ?, ?, ?, ?, ?, ?, ?, ?, ?, ?, ?, ?, ?, ?, ?, ?, ?, ?, ?, ?, ?, ?, ?, ?, ?, ?, ?, ?, ?, ?, ?, ?, ?, ?, ?, ?, ?, ?, ?, ?, ?, ?); "
                    
[2023-04-27 10:22:08,723->resubmit.py->main():54]INFO: Reading report . . .
[2023-04-27 10:22:08,758->resubmit.py->main():60]INFO: Connecting. . .
[2023-04-27 10:22:45,582->resubmit.py->main():82]DEBUG: 
                     SELECT _ProcedureInstance_key, OrganismID, _LevelTwoReviewAction_key
                     FROM
                        ProcedureInstance
                        INNER JOIN ProcedureInstanceOrganism USING (_ProcedureInstance_key)
                        INNER JOIN Organism USING (_Organism_key)
                        INNER JOIN ProcedureDefinitionVersion USING (_ProcedureDefinitionVersion_key)
                        INNER JOIN ProcedureDefinition USING (_ProcedureDefinition_key)
                        WHERE
                        ProcedureDefinition.ExternalID = 'IMPC_ABR_002' AND OrganismID IN (?, ?, ?, ?, ?, ?, ?, ?, ?, ?, ?, ?, ?, ?, ?, ?, ?, ?, ?, ?, ?, ?, ?, ?, ?, ?, ?, ?, ?, ?, ?, ?, ?, ?, ?, ?, ?, ?, ?, ?, ?, ?, ?, ?, ?, ?, ?, ?, ?, ?, ?, ?, ?, ?, ?, ?, ?, ?, ?, ?, ?, ?, ?, ?, ?, ?, ?, ?, ?, ?, ?, ?, ?, ?, ?, ?, ?, ?, ?, ?, ?, ?, ?, ?, ?, ?, ?, ?, ?, ?, ?, ?, ?, ?, ?, ?, ?, ?, ?, ?, ?, ?, ?, ?, ?, ?, ?, ?, ?, ?, ?, ?, ?, ?, ?, ?, ?, ?, ?, ?, ?, ?, ?, ?, ?, ?, ?, ?, ?, ?, ?, ?, ?, ?, ?, ?, ?, ?, ?, ?, ?, ?, ?, ?, ?, ?, ?, ?, ?, ?, ?, ?, ?, ?, ?, ?, ?, ?, ?, ?, ?, ?, ?, ?, ?, ?, ?, ?, ?, ?, ?, ?, ?, ?, ?, ?, ?, ?, ?, ?, ?, ?, ?, ?, ?, ?, ?, ?, ?, ?, ?, ?, ?, ?, ?, ?, ?, ?, ?, ?, ?, ?, ?, ?, ?, ?, ?, ?, ?, ?, ?, ?, ?, ?, ?, ?, ?, ?, ?, ?, ?, ?, ?, ?, ?, ?, ?, ?, ?, ?, ?, ?, ?, ?, ?, ?, ?, ?, ?, ?, ?, ?, ?, ?, ?, ?, ?, ?, ?, ?, ?, ?, ?, ?, ?, ?, ?, ?, ?, ?, ?, ?, ?, ?, ?, ?, ?, ?, ?, ?, ?, ?, ?, ?, ?, ?, ?, ?, ?, ?, ?, ?, ?, ?, ?, ?, ?, ?, ?, ?, ?, ?, ?, ?, ?, ?, ?, ?, ?, ?, ?, ?, ?, ?, ?, ?, ?, ?, ?, ?, ?, ?, ?, ?, ?, ?, ?, ?, ?, ?, ?, ?, ?, ?, ?, ?, ?, ?, ?, ?, ?, ?, ?, ?, ?, ?, ?, ?, ?, ?, ?, ?, ?, ?, ?, ?, ?, ?, ?, ?, ?, ?, ?, ?, ?, ?, ?, ?, ?, ?, ?, ?, ?, ?, ?, ?, ?, ?, ?, ?, ?, ?, ?, ?, ?, ?, ?, ?, ?, ?, ?, ?, ?, ?, ?, ?, ?, ?, ?, ?, ?, ?, ?, ?, ?, ?, ?, ?, ?, ?, ?, ?, ?, ?, ?, ?, ?, ?, ?, ?, ?, ?, ?, ?, ?, ?, ?, ?, ?, ?, ?, ?, ?, ?, ?, ?, ?, ?, ?, ?, ?, ?, ?, ?, ?, ?, ?, ?, ?, ?); "
                    
[2023-04-27 10:26:10,131->resubmit.py->main():54]INFO: Reading report . . .
[2023-04-27 10:26:10,159->resubmit.py->main():60]INFO: Connecting. . .
[2023-04-27 10:26:48,517->resubmit.py->main():82]DEBUG: 
                     SELECT _ProcedureInstance_key, OrganismID, _LevelTwoReviewAction_key
                     FROM
                        ProcedureInstance
                        INNER JOIN ProcedureInstanceOrganism USING (_ProcedureInstance_key)
                        INNER JOIN Organism USING (_Organism_key)
                        INNER JOIN ProcedureDefinitionVersion USING (_ProcedureDefinitionVersion_key)
                        INNER JOIN ProcedureDefinition USING (_ProcedureDefinition_key)
                        WHERE
                        ProcedureDefinition.ExternalID = 'IMPC_ABR_002' AND OrganismID IN ('?, ?, ?, ?, ?, ?, ?, ?, ?, ?, ?, ?, ?, ?, ?, ?, ?, ?, ?, ?, ?, ?, ?, ?, ?, ?, ?, ?, ?, ?, ?, ?, ?, ?, ?, ?, ?, ?, ?, ?, ?, ?, ?, ?, ?, ?, ?, ?, ?, ?, ?, ?, ?, ?, ?, ?, ?, ?, ?, ?, ?, ?, ?, ?, ?, ?, ?, ?, ?, ?, ?, ?, ?, ?, ?, ?, ?, ?, ?, ?, ?, ?, ?, ?, ?, ?, ?, ?, ?, ?, ?, ?, ?, ?, ?, ?, ?, ?, ?, ?, ?, ?, ?, ?, ?, ?, ?, ?, ?, ?, ?, ?, ?, ?, ?, ?, ?, ?, ?, ?, ?, ?, ?, ?, ?, ?, ?, ?, ?, ?, ?, ?, ?, ?, ?, ?, ?, ?, ?, ?, ?, ?, ?, ?, ?, ?, ?, ?, ?, ?, ?, ?, ?, ?, ?, ?, ?, ?, ?, ?, ?, ?, ?, ?, ?, ?, ?, ?, ?, ?, ?, ?, ?, ?, ?, ?, ?, ?, ?, ?, ?, ?, ?, ?, ?, ?, ?, ?, ?, ?, ?, ?, ?, ?, ?, ?, ?, ?, ?, ?, ?, ?, ?, ?, ?, ?, ?, ?, ?, ?, ?, ?, ?, ?, ?, ?, ?, ?, ?, ?, ?, ?, ?, ?, ?, ?, ?, ?, ?, ?, ?, ?, ?, ?, ?, ?, ?, ?, ?, ?, ?, ?, ?, ?, ?, ?, ?, ?, ?, ?, ?, ?, ?, ?, ?, ?, ?, ?, ?, ?, ?, ?, ?, ?, ?, ?, ?, ?, ?, ?, ?, ?, ?, ?, ?, ?, ?, ?, ?, ?, ?, ?, ?, ?, ?, ?, ?, ?, ?, ?, ?, ?, ?, ?, ?, ?, ?, ?, ?, ?, ?, ?, ?, ?, ?, ?, ?, ?, ?, ?, ?, ?, ?, ?, ?, ?, ?, ?, ?, ?, ?, ?, ?, ?, ?, ?, ?, ?, ?, ?, ?, ?, ?, ?, ?, ?, ?, ?, ?, ?, ?, ?, ?, ?, ?, ?, ?, ?, ?, ?, ?, ?, ?, ?, ?, ?, ?, ?, ?, ?, ?, ?, ?, ?, ?, ?, ?, ?, ?, ?, ?, ?, ?, ?, ?, ?, ?, ?, ?, ?, ?, ?, ?, ?, ?, ?, ?, ?, ?, ?, ?, ?, ?, ?, ?, ?, ?, ?, ?, ?, ?, ?, ?, ?, ?, ?, ?, ?, ?, ?, ?, ?, ?, ?, ?, ?, ?, ?, ?, ?, ?, ?, ?, ?, ?, ?, ?, ?, ?, ?, ?, ?, ?, ?, ?, ?, ?, ?, ?, ?'); "
                    
[2023-04-27 10:27:29,634->resubmit.py->main():54]INFO: Reading report . . .
[2023-04-27 10:27:29,663->resubmit.py->main():60]INFO: Connecting. . .
[2023-04-27 10:28:40,071->resubmit.py->main():82]DEBUG: 
                     SELECT _ProcedureInstance_key, OrganismID, _LevelTwoReviewAction_key
                     FROM
                        ProcedureInstance
                        INNER JOIN ProcedureInstanceOrganism USING (_ProcedureInstance_key)
                        INNER JOIN Organism USING (_Organism_key)
                        INNER JOIN ProcedureDefinitionVersion USING (_ProcedureDefinitionVersion_key)
                        INNER JOIN ProcedureDefinition USING (_ProcedureDefinition_key)
                        WHERE
                        ProcedureDefinition.ExternalID = 'IMPC_ABR_002' AND OrganismID IN ('?, ?, ?, ?, ?, ?, ?, ?, ?, ?, ?, ?, ?, ?, ?, ?, ?, ?, ?, ?, ?, ?, ?, ?, ?, ?, ?, ?, ?, ?, ?, ?, ?, ?, ?, ?, ?, ?, ?, ?, ?, ?, ?, ?, ?, ?, ?, ?, ?, ?, ?, ?, ?, ?, ?, ?, ?, ?, ?, ?, ?, ?, ?, ?, ?, ?, ?, ?, ?, ?, ?, ?, ?, ?, ?, ?, ?, ?, ?, ?, ?, ?, ?, ?, ?, ?, ?, ?, ?, ?, ?, ?, ?, ?, ?, ?, ?, ?, ?, ?, ?, ?, ?, ?, ?, ?, ?, ?, ?, ?, ?, ?, ?, ?, ?, ?, ?, ?, ?, ?, ?, ?, ?, ?, ?, ?, ?, ?, ?, ?, ?, ?, ?, ?, ?, ?, ?, ?, ?, ?, ?, ?, ?, ?, ?, ?, ?, ?, ?, ?, ?, ?, ?, ?, ?, ?, ?, ?, ?, ?, ?, ?, ?, ?, ?, ?, ?, ?, ?, ?, ?, ?, ?, ?, ?, ?, ?, ?, ?, ?, ?, ?, ?, ?, ?, ?, ?, ?, ?, ?, ?, ?, ?, ?, ?, ?, ?, ?, ?, ?, ?, ?, ?, ?, ?, ?, ?, ?, ?, ?, ?, ?, ?, ?, ?, ?, ?, ?, ?, ?, ?, ?, ?, ?, ?, ?, ?, ?, ?, ?, ?, ?, ?, ?, ?, ?, ?, ?, ?, ?, ?, ?, ?, ?, ?, ?, ?, ?, ?, ?, ?, ?, ?, ?, ?, ?, ?, ?, ?, ?, ?, ?, ?, ?, ?, ?, ?, ?, ?, ?, ?, ?, ?, ?, ?, ?, ?, ?, ?, ?, ?, ?, ?, ?, ?, ?, ?, ?, ?, ?, ?, ?, ?, ?, ?, ?, ?, ?, ?, ?, ?, ?, ?, ?, ?, ?, ?, ?, ?, ?, ?, ?, ?, ?, ?, ?, ?, ?, ?, ?, ?, ?, ?, ?, ?, ?, ?, ?, ?, ?, ?, ?, ?, ?, ?, ?, ?, ?, ?, ?, ?, ?, ?, ?, ?, ?, ?, ?, ?, ?, ?, ?, ?, ?, ?, ?, ?, ?, ?, ?, ?, ?, ?, ?, ?, ?, ?, ?, ?, ?, ?, ?, ?, ?, ?, ?, ?, ?, ?, ?, ?, ?, ?, ?, ?, ?, ?, ?, ?, ?, ?, ?, ?, ?, ?, ?, ?, ?, ?, ?, ?, ?, ?, ?, ?, ?, ?, ?, ?, ?, ?, ?, ?, ?, ?, ?, ?, ?, ?, ?, ?, ?, ?, ?, ?, ?, ?, ?, ?, ?, ?, ?, ?, ?, ?, ?, ?, ?, ?, ?'); "
                    
[2023-04-27 10:34:08,982->resubmit.py->main():54]INFO: Reading report . . .
[2023-04-27 10:34:09,006->resubmit.py->main():60]INFO: Connecting. . .
[2023-04-27 10:34:49,974->resubmit.py->main():54]INFO: Reading report . . .
[2023-04-27 10:34:50,026->resubmit.py->main():60]INFO: Connecting. . .
[2023-04-27 10:35:03,139->resubmit.py->main():54]INFO: Reading report . . .
[2023-04-27 10:35:03,184->resubmit.py->main():60]INFO: Connecting. . .
[2023-04-27 13:35:13,982->resubmit.py->main():54]INFO: Reading report . . .
[2023-04-27 13:35:14,029->resubmit.py->main():61]INFO: Connecting. . .
[2023-04-27 13:35:14,712->resubmit.py->main():80]INFO: 
                     SELECT _ProcedureInstance_key, OrganismID, _LevelTwoReviewAction_key
                     FROM
                        ProcedureInstance
                        INNER JOIN ProcedureInstanceOrganism USING (_ProcedureInstance_key)
                        INNER JOIN Organism USING (_Organism_key)
                        INNER JOIN ProcedureDefinitionVersion USING (_ProcedureDefinitionVersion_key)
                        INNER JOIN ProcedureDefinition USING (_ProcedureDefinition_key)
                        WHERE
                        ProcedureDefinition.ExternalID = 'IMPC_ABR_002' AND OrganismID IN ('X9121'); "
                    
[2023-04-27 13:36:19,239->resubmit.py->main():54]INFO: Reading report . . .
[2023-04-27 13:36:19,275->resubmit.py->main():61]INFO: Connecting. . .
[2023-04-27 13:36:19,876->resubmit.py->main():80]INFO: 
                     SELECT _ProcedureInstance_key, OrganismID, _LevelTwoReviewAction_key
                     FROM
                        ProcedureInstance
                        INNER JOIN ProcedureInstanceOrganism USING (_ProcedureInstance_key)
                        INNER JOIN Organism USING (_Organism_key)
                        INNER JOIN ProcedureDefinitionVersion USING (_ProcedureDefinitionVersion_key)
                        INNER JOIN ProcedureDefinition USING (_ProcedureDefinition_key)
                        WHERE
                        ProcedureDefinition.ExternalID = 'IMPC_ABR_002' AND OrganismID IN ('X9121'); "
                    
