[2023-07-27 19:53:18,502->download_from_omero.py-><module>():272]INFO: Logger has been created
[2023-07-27 19:53:18,502->download_from_omero.py->db_init():27]INFO: Connecting to database . . .
[2023-07-27 19:53:18,612->download_from_omero.py->download_from_omero():98]DEBUG: https://omeroweb.jax.org/api/v0/
[2023-07-27 19:53:18,659->download_from_omero.py->download_from_omero():119]DEBUG: https://omeroweb.jax.org/api/v0/login/
[2023-07-27 19:53:30,597->download_from_drive.py-><module>():253]INFO: Logger has been created
[2023-07-27 19:53:30,597->download_from_drive.py-><module>():265]ERROR: [WinError 183] Cannot create a file when that file already exists: 'C:/Program Files/KOMP/ImageDownload/pictures'
[2023-07-27 19:53:30,597->download_from_drive.py->db_init():24]INFO: Connecting to database . . .
[2023-07-27 19:53:30,628->download_from_drive.py->generate_file_location():102]DEBUG: Source file path is //bht2stor.jax.org/phenotype/SHIRPA/KOMP/images/A-18101_1.jpg
[2023-07-27 19:53:30,628->download_from_drive.py->generate_file_location():107]DEBUG: Destination of downloaded file is C:/Program Files/KOMP/ImageDownload/pictures/IMPC_CSD_003
[2023-07-27 19:53:30,628->download_from_drive.py->generate_file_location():102]DEBUG: Source file path is //bht2stor.jax.org/phenotype/SHIRPA/KOMP/images/A-18175_1.jpg
[2023-07-27 19:53:30,628->download_from_drive.py->generate_file_location():107]DEBUG: Destination of downloaded file is C:/Program Files/KOMP/ImageDownload/pictures/IMPC_CSD_003
[2023-07-27 19:53:30,628->download_from_drive.py->generate_file_location():102]DEBUG: Source file path is //bht2stor.jax.org/phenotype/SHIRPA/KOMP/images/A-18151_1.jpg
[2023-07-27 19:53:30,628->download_from_drive.py->generate_file_location():107]DEBUG: Destination of downloaded file is C:/Program Files/KOMP/ImageDownload/pictures/IMPC_CSD_003
[2023-07-27 19:53:30,628->download_from_drive.py->download_from_drive():133]DEBUG: Processing IMPC_CSD_003
[2023-07-27 19:53:30,628->download_from_drive.py->download_from_drive():140]INFO: Starting downloading //bht2stor.jax.org/phenotype/SHIRPA/KOMP/images/A-18101_1.jpg to C:/Program Files/KOMP/ImageDownload/pictures/IMPC_CSD_003
[2023-07-27 19:53:30,831->download_from_drive.py->download_from_drive():144]INFO: Done downloading file A-18101_1.jpg
[2023-07-27 19:53:30,831->download_from_drive.py->download_from_drive():147]INFO: Start to send file A-18101_1.jpg to bhjlk02lp.jax.org
[2023-07-27 19:53:31,284->download_from_drive.py->send_to_server():197]INFO: Uploading A-18101_1.jpg
[2023-07-27 19:53:31,316->download_from_drive.py->db_init():24]INFO: Connecting to database . . .
[2023-07-27 19:54:10,865->download_from_drive.py->update_images_status():66]DEBUG: UPDATE KOMP.imagefileuploadstatus SET DateOfUpload='2023-07-27', UploadStatus='Success', Message='File successfully uploaded to server' WHERE _ImageFile_key = 26344;
[2023-07-27 19:54:10,881->download_from_drive.py->send_to_server():209]INFO: Finish uploading A-18101_1.jpg
[2023-07-27 19:54:10,881->download_from_drive.py->DFS():222]DEBUG: C:/Program Files/KOMP/ImageDownload/pictures/IMPC_CSD_003\A-18101_1.jpg
[2023-07-27 19:54:10,881->download_from_drive.py->DFS():224]DEBUG: Deleteing C:/Program Files/KOMP/ImageDownload/pictures/IMPC_CSD_003\A-18101_1.jpg
[2023-07-27 19:54:10,881->download_from_drive.py->download_from_drive():140]INFO: Starting downloading //bht2stor.jax.org/phenotype/SHIRPA/KOMP/images/A-18175_1.jpg to C:/Program Files/KOMP/ImageDownload/pictures/IMPC_CSD_003
[2023-07-27 19:54:11,006->download_from_drive.py->download_from_drive():144]INFO: Done downloading file A-18175_1.jpg
[2023-07-27 19:54:11,006->download_from_drive.py->download_from_drive():147]INFO: Start to send file A-18175_1.jpg to bhjlk02lp.jax.org
[2023-07-27 19:54:11,428->download_from_drive.py->send_to_server():197]INFO: Uploading A-18175_1.jpg
[2023-07-27 19:54:11,443->download_from_drive.py->db_init():24]INFO: Connecting to database . . .
[2023-07-27 19:54:50,804->download_from_drive.py->update_images_status():66]DEBUG: UPDATE KOMP.imagefileuploadstatus SET DateOfUpload='2023-07-27', UploadStatus='Success', Message='File successfully uploaded to server' WHERE _ImageFile_key = 26345;
[2023-07-27 19:54:50,820->download_from_drive.py->send_to_server():209]INFO: Finish uploading A-18175_1.jpg
[2023-07-27 19:54:50,820->download_from_drive.py->DFS():222]DEBUG: C:/Program Files/KOMP/ImageDownload/pictures/IMPC_CSD_003\A-18175_1.jpg
[2023-07-27 19:54:50,820->download_from_drive.py->DFS():224]DEBUG: Deleteing C:/Program Files/KOMP/ImageDownload/pictures/IMPC_CSD_003\A-18175_1.jpg
[2023-07-27 19:54:50,820->download_from_drive.py->download_from_drive():140]INFO: Starting downloading //bht2stor.jax.org/phenotype/SHIRPA/KOMP/images/A-18151_1.jpg to C:/Program Files/KOMP/ImageDownload/pictures/IMPC_CSD_003
[2023-07-27 19:54:50,913->download_from_drive.py->download_from_drive():144]INFO: Done downloading file A-18151_1.jpg
[2023-07-27 19:54:50,913->download_from_drive.py->download_from_drive():147]INFO: Start to send file A-18151_1.jpg to bhjlk02lp.jax.org
[2023-07-27 19:54:51,320->download_from_drive.py->send_to_server():197]INFO: Uploading A-18151_1.jpg
[2023-07-27 19:54:51,335->download_from_drive.py->db_init():24]INFO: Connecting to database . . .
[2023-07-27 19:55:31,806->download_from_drive.py->update_images_status():66]DEBUG: UPDATE KOMP.imagefileuploadstatus SET DateOfUpload='2023-07-27', UploadStatus='Success', Message='File successfully uploaded to server' WHERE _ImageFile_key = 26346;
[2023-07-27 19:55:31,837->download_from_drive.py->send_to_server():209]INFO: Finish uploading A-18151_1.jpg
[2023-07-27 19:55:31,837->download_from_drive.py->DFS():222]DEBUG: C:/Program Files/KOMP/ImageDownload/pictures/IMPC_CSD_003\A-18151_1.jpg
[2023-07-27 19:55:31,837->download_from_drive.py->DFS():224]DEBUG: Deleteing C:/Program Files/KOMP/ImageDownload/pictures/IMPC_CSD_003\A-18151_1.jpg
