[2023-10-19 17:00:03,054->download_from_omero.py-><module>():272]INFO: Logger has been created
[2023-10-19 17:00:03,054->download_from_omero.py->db_init():27]INFO: Connecting to database . . .
[2023-10-19 17:00:03,539->download_from_omero.py->download_from_omero():98]DEBUG: https://omeroweb.jax.org/api/v0/
[2023-10-19 17:00:03,585->download_from_omero.py->download_from_omero():119]DEBUG: https://omeroweb.jax.org/api/v0/login/
[2023-10-19 17:00:06,726->download_from_omero.py->main():259]INFO: Process finished
[2023-10-19 17:00:11,601->download_from_drive.py-><module>():258]INFO: Logger has been created
[2023-10-19 17:00:11,601->download_from_drive.py-><module>():270]ERROR: [WinError 183] Cannot create a file when that file already exists: 'C:/Program Files/KOMP/ImageDownload/pictures'
[2023-10-19 17:00:11,601->download_from_drive.py->db_init():27]INFO: Connecting to database . . .
[2023-10-19 17:00:11,648->download_from_drive.py->generate_file_location():105]DEBUG: Source file path is //bht2stor.jax.org/phenotype/SHIRPA/KOMP/images/
[2023-10-19 17:00:11,648->download_from_drive.py->generate_file_location():110]DEBUG: Destination of downloaded file is C:/Program Files/KOMP/ImageDownload/pictures/IMPC_CSD_003
[2023-10-19 17:00:11,648->download_from_drive.py->generate_file_location():105]DEBUG: Source file path is //bht2stor.jax.org/phenotype/SHIRPA/KOMP/images/A-16140_1.jpg
[2023-10-19 17:00:11,648->download_from_drive.py->generate_file_location():110]DEBUG: Destination of downloaded file is C:/Program Files/KOMP/ImageDownload/pictures/IMPC_CSD_003
[2023-10-19 17:00:11,648->download_from_drive.py->generate_file_location():105]DEBUG: Source file path is //bht2stor.jax.org/phenotype/SHIRPA/KOMP/images/A-16215_1.jpg
[2023-10-19 17:00:11,648->download_from_drive.py->generate_file_location():110]DEBUG: Destination of downloaded file is C:/Program Files/KOMP/ImageDownload/pictures/IMPC_CSD_003
[2023-10-19 17:00:11,648->download_from_drive.py->generate_file_location():105]DEBUG: Source file path is //bht2stor.jax.org/phenotype/SHIRPA/KOMP/images/A-16097_1.jpg
[2023-10-19 17:00:11,648->download_from_drive.py->generate_file_location():110]DEBUG: Destination of downloaded file is C:/Program Files/KOMP/ImageDownload/pictures/IMPC_CSD_003
[2023-10-19 17:00:11,648->download_from_drive.py->generate_file_location():105]DEBUG: Source file path is //bht2stor.jax.org/phenotype/SHIRPA/KOMP/images/A-16097_2.jpg
[2023-10-19 17:00:11,648->download_from_drive.py->generate_file_location():110]DEBUG: Destination of downloaded file is C:/Program Files/KOMP/ImageDownload/pictures/IMPC_CSD_003
[2023-10-19 17:00:11,648->download_from_drive.py->generate_file_location():105]DEBUG: Source file path is //bht2stor.jax.org/phenotype/SHIRPA/KOMP/images/A-16098_1.jpg
[2023-10-19 17:00:11,648->download_from_drive.py->generate_file_location():110]DEBUG: Destination of downloaded file is C:/Program Files/KOMP/ImageDownload/pictures/IMPC_CSD_003
[2023-10-19 17:00:11,648->download_from_drive.py->generate_file_location():105]DEBUG: Source file path is //bht2stor.jax.org/phenotype/SHIRPA/KOMP/images/A-16094_1.jpg
[2023-10-19 17:00:11,648->download_from_drive.py->generate_file_location():110]DEBUG: Destination of downloaded file is C:/Program Files/KOMP/ImageDownload/pictures/IMPC_CSD_003
[2023-10-19 17:00:11,648->download_from_drive.py->generate_file_location():105]DEBUG: Source file path is //bht2stor.jax.org/phenotype/SHIRPA/KOMP/images/A-22583_1.jpg
[2023-10-19 17:00:11,648->download_from_drive.py->generate_file_location():110]DEBUG: Destination of downloaded file is C:/Program Files/KOMP/ImageDownload/pictures/IMPC_CSD_003
[2023-10-19 17:00:11,648->download_from_drive.py->generate_file_location():105]DEBUG: Source file path is //bht2stor.jax.org/phenotype/SHIRPA/KOMP/images/A-22578_1.jpg
[2023-10-19 17:00:11,648->download_from_drive.py->generate_file_location():110]DEBUG: Destination of downloaded file is C:/Program Files/KOMP/ImageDownload/pictures/IMPC_CSD_003
[2023-10-19 17:00:11,648->download_from_drive.py->generate_file_location():105]DEBUG: Source file path is //bht2stor.jax.org/phenotype/SHIRPA/KOMP/images/A-22578_2.jpg
[2023-10-19 17:00:11,648->download_from_drive.py->generate_file_location():110]DEBUG: Destination of downloaded file is C:/Program Files/KOMP/ImageDownload/pictures/IMPC_CSD_003
[2023-10-19 17:00:11,664->download_from_drive.py->generate_file_location():105]DEBUG: Source file path is //bht2stor.jax.org/phenotype/SHIRPA/KOMP/images/A-22549_1.jpg
[2023-10-19 17:00:11,664->download_from_drive.py->generate_file_location():110]DEBUG: Destination of downloaded file is C:/Program Files/KOMP/ImageDownload/pictures/IMPC_CSD_003
[2023-10-19 17:00:11,664->download_from_drive.py->generate_file_location():105]DEBUG: Source file path is //bht2stor.jax.org/phenotype/SHIRPA/KOMP/images/A-22549_2.jpg
[2023-10-19 17:00:11,664->download_from_drive.py->generate_file_location():110]DEBUG: Destination of downloaded file is C:/Program Files/KOMP/ImageDownload/pictures/IMPC_CSD_003
[2023-10-19 17:00:11,664->download_from_drive.py->generate_file_location():105]DEBUG: Source file path is //bht2stor.jax.org/phenotype/SHIRPA/KOMP/images/A-21354_1.jpg
[2023-10-19 17:00:11,664->download_from_drive.py->generate_file_location():110]DEBUG: Destination of downloaded file is C:/Program Files/KOMP/ImageDownload/pictures/IMPC_CSD_003
[2023-10-19 17:00:11,664->download_from_drive.py->generate_file_location():105]DEBUG: Source file path is //bht2stor.jax.org/phenotype/SHIRPA/KOMP/images/A-21354_2.jpg
[2023-10-19 17:00:11,664->download_from_drive.py->generate_file_location():110]DEBUG: Destination of downloaded file is C:/Program Files/KOMP/ImageDownload/pictures/IMPC_CSD_003
[2023-10-19 17:00:11,664->download_from_drive.py->generate_file_location():105]DEBUG: Source file path is //bht2stor.jax.org/phenotype/SHIRPA/KOMP/images/A-22551_1.jpg
[2023-10-19 17:00:11,664->download_from_drive.py->generate_file_location():110]DEBUG: Destination of downloaded file is C:/Program Files/KOMP/ImageDownload/pictures/IMPC_CSD_003
[2023-10-19 17:00:11,664->download_from_drive.py->generate_file_location():105]DEBUG: Source file path is //bht2stor.jax.org/phenotype/SHIRPA/KOMP/images/A-22551_2.jpg
[2023-10-19 17:00:11,664->download_from_drive.py->generate_file_location():110]DEBUG: Destination of downloaded file is C:/Program Files/KOMP/ImageDownload/pictures/IMPC_CSD_003
[2023-10-19 17:00:11,664->download_from_drive.py->generate_file_location():105]DEBUG: Source file path is //bht2stor.jax.org/phenotype/SHIRPA/KOMP/images/A-21556_1.jpg
[2023-10-19 17:00:11,664->download_from_drive.py->generate_file_location():110]DEBUG: Destination of downloaded file is C:/Program Files/KOMP/ImageDownload/pictures/IMPC_CSD_003
[2023-10-19 17:00:11,664->download_from_drive.py->generate_file_location():105]DEBUG: Source file path is //bht2stor.jax.org/phenotype/SHIRPA/KOMP/images/A-21480_1.jpg
[2023-10-19 17:00:11,664->download_from_drive.py->generate_file_location():110]DEBUG: Destination of downloaded file is C:/Program Files/KOMP/ImageDownload/pictures/IMPC_CSD_003
[2023-10-19 17:00:11,664->download_from_drive.py->generate_file_location():105]DEBUG: Source file path is //bht2stor.jax.org/phenotype/EKG-V2/KOMP/images/A-15908-RAW.pdf
[2023-10-19 17:00:11,664->download_from_drive.py->generate_file_location():110]DEBUG: Destination of downloaded file is C:/Program Files/KOMP/ImageDownload/pictures/IMPC_ECG_003
[2023-10-19 17:00:11,664->download_from_drive.py->generate_file_location():105]DEBUG: Source file path is //bht2stor.jax.org/phenotype/EKG-V2/KOMP/images/A-15909-RAW.pdf
[2023-10-19 17:00:11,664->download_from_drive.py->generate_file_location():110]DEBUG: Destination of downloaded file is C:/Program Files/KOMP/ImageDownload/pictures/IMPC_ECG_003
[2023-10-19 17:00:11,664->download_from_drive.py->generate_file_location():105]DEBUG: Source file path is //bht2stor.jax.org/phenotype/EKG-V2/KOMP/images/A-15910-RAW.pdf
[2023-10-19 17:00:11,664->download_from_drive.py->generate_file_location():110]DEBUG: Destination of downloaded file is C:/Program Files/KOMP/ImageDownload/pictures/IMPC_ECG_003
[2023-10-19 17:00:11,664->download_from_drive.py->generate_file_location():105]DEBUG: Source file path is //bht2stor.jax.org/phenotype/EKG-V2/KOMP/images/A-15911-RAW.pdf
[2023-10-19 17:00:11,664->download_from_drive.py->generate_file_location():110]DEBUG: Destination of downloaded file is C:/Program Files/KOMP/ImageDownload/pictures/IMPC_ECG_003
[2023-10-19 17:00:11,664->download_from_drive.py->generate_file_location():105]DEBUG: Source file path is //bht2stor.jax.org/phenotype/EKG-V2/KOMP/images/A-15912-RAW.pdf
[2023-10-19 17:00:11,664->download_from_drive.py->generate_file_location():110]DEBUG: Destination of downloaded file is C:/Program Files/KOMP/ImageDownload/pictures/IMPC_ECG_003
[2023-10-19 17:00:11,664->download_from_drive.py->generate_file_location():105]DEBUG: Source file path is //bht2stor.jax.org/phenotype/EKG-V2/KOMP/images/A-15913-RAW.pdf
[2023-10-19 17:00:11,664->download_from_drive.py->generate_file_location():110]DEBUG: Destination of downloaded file is C:/Program Files/KOMP/ImageDownload/pictures/IMPC_ECG_003
[2023-10-19 17:00:11,664->download_from_drive.py->generate_file_location():105]DEBUG: Source file path is //bht2stor.jax.org/phenotype/EKG-V2/KOMP/images/A-14859-RAW.pdf
[2023-10-19 17:00:11,664->download_from_drive.py->generate_file_location():110]DEBUG: Destination of downloaded file is C:/Program Files/KOMP/ImageDownload/pictures/IMPC_ECG_003
[2023-10-19 17:00:11,664->download_from_drive.py->generate_file_location():105]DEBUG: Source file path is //bht2stor.jax.org/phenotype/EKG-V2/KOMP/images/A-14860-RAW.pdf
[2023-10-19 17:00:11,664->download_from_drive.py->generate_file_location():110]DEBUG: Destination of downloaded file is C:/Program Files/KOMP/ImageDownload/pictures/IMPC_ECG_003
[2023-10-19 17:00:11,664->download_from_drive.py->generate_file_location():105]DEBUG: Source file path is //bht2stor.jax.org/phenotype/EKG-V2/KOMP/images/A-14862-RAW.pdf
[2023-10-19 17:00:11,664->download_from_drive.py->generate_file_location():110]DEBUG: Destination of downloaded file is C:/Program Files/KOMP/ImageDownload/pictures/IMPC_ECG_003
[2023-10-19 17:00:11,664->download_from_drive.py->generate_file_location():105]DEBUG: Source file path is //bht2stor.jax.org/phenotype/EKG-V2/KOMP/images/A-14864-RAW.pdf
[2023-10-19 17:00:11,664->download_from_drive.py->generate_file_location():110]DEBUG: Destination of downloaded file is C:/Program Files/KOMP/ImageDownload/pictures/IMPC_ECG_003
[2023-10-19 17:00:11,664->download_from_drive.py->generate_file_location():105]DEBUG: Source file path is //bht2stor.jax.org/phenotype/EKG-V2/KOMP/images/A-14861-RAW.pdf
[2023-10-19 17:00:11,664->download_from_drive.py->generate_file_location():110]DEBUG: Destination of downloaded file is C:/Program Files/KOMP/ImageDownload/pictures/IMPC_ECG_003
[2023-10-19 17:00:11,664->download_from_drive.py->generate_file_location():105]DEBUG: Source file path is //bht2stor.jax.org/phenotype/EKG-V2/KOMP/images/A-14889-RAW.pdf
[2023-10-19 17:00:11,664->download_from_drive.py->generate_file_location():110]DEBUG: Destination of downloaded file is C:/Program Files/KOMP/ImageDownload/pictures/IMPC_ECG_003
[2023-10-19 17:00:11,664->download_from_drive.py->generate_file_location():105]DEBUG: Source file path is //bht2stor.jax.org/phenotype/EKG-V2/KOMP/images/A-14901-RAW.pdf
[2023-10-19 17:00:11,664->download_from_drive.py->generate_file_location():110]DEBUG: Destination of downloaded file is C:/Program Files/KOMP/ImageDownload/pictures/IMPC_ECG_003
[2023-10-19 17:00:11,664->download_from_drive.py->generate_file_location():105]DEBUG: Source file path is //bht2stor.jax.org/phenotype/EKG-V2/KOMP/images/A-14892-RAW.pdf
[2023-10-19 17:00:11,664->download_from_drive.py->generate_file_location():110]DEBUG: Destination of downloaded file is C:/Program Files/KOMP/ImageDownload/pictures/IMPC_ECG_003
[2023-10-19 17:00:11,679->download_from_drive.py->generate_file_location():105]DEBUG: Source file path is //bht2stor.jax.org/phenotype/EKG-V2/KOMP/images/A-15033-RAW.pdf
[2023-10-19 17:00:11,679->download_from_drive.py->generate_file_location():110]DEBUG: Destination of downloaded file is C:/Program Files/KOMP/ImageDownload/pictures/IMPC_ECG_003
[2023-10-19 17:00:11,679->download_from_drive.py->generate_file_location():105]DEBUG: Source file path is //bht2stor.jax.org/phenotype/EKG-V2/KOMP/images/A-15040-RAW.pdf
[2023-10-19 17:00:11,679->download_from_drive.py->generate_file_location():110]DEBUG: Destination of downloaded file is C:/Program Files/KOMP/ImageDownload/pictures/IMPC_ECG_003
[2023-10-19 17:00:11,679->download_from_drive.py->generate_file_location():105]DEBUG: Source file path is //bht2stor.jax.org/phenotype/EKG-V2/KOMP/images/A-15037-RAW.pdf
[2023-10-19 17:00:11,679->download_from_drive.py->generate_file_location():110]DEBUG: Destination of downloaded file is C:/Program Files/KOMP/ImageDownload/pictures/IMPC_ECG_003
[2023-10-19 17:00:11,679->download_from_drive.py->generate_file_location():105]DEBUG: Source file path is //bht2stor.jax.org/phenotype/EKG-V2/KOMP/images/A-15039-RAW.pdf
[2023-10-19 17:00:11,679->download_from_drive.py->generate_file_location():110]DEBUG: Destination of downloaded file is C:/Program Files/KOMP/ImageDownload/pictures/IMPC_ECG_003
[2023-10-19 17:00:11,679->download_from_drive.py->generate_file_location():105]DEBUG: Source file path is //bht2stor.jax.org/phenotype/EKG-V2/KOMP/images/A-15035-RAW.pdf
[2023-10-19 17:00:11,679->download_from_drive.py->generate_file_location():110]DEBUG: Destination of downloaded file is C:/Program Files/KOMP/ImageDownload/pictures/IMPC_ECG_003
[2023-10-19 17:00:11,679->download_from_drive.py->generate_file_location():105]DEBUG: Source file path is //bht2stor.jax.org/phenotype/EKG-V2/KOMP/images/A-14991-RAW.pdf
[2023-10-19 17:00:11,679->download_from_drive.py->generate_file_location():110]DEBUG: Destination of downloaded file is C:/Program Files/KOMP/ImageDownload/pictures/IMPC_ECG_003
[2023-10-19 17:00:11,679->download_from_drive.py->generate_file_location():105]DEBUG: Source file path is //bht2stor.jax.org/phenotype/EKG-V2/KOMP/images/A-14993-RAW.pdf
[2023-10-19 17:00:11,679->download_from_drive.py->generate_file_location():110]DEBUG: Destination of downloaded file is C:/Program Files/KOMP/ImageDownload/pictures/IMPC_ECG_003
[2023-10-19 17:00:11,679->download_from_drive.py->generate_file_location():105]DEBUG: Source file path is //bht2stor.jax.org/phenotype/EKG-V2/KOMP/images/A-14879-RAW.pdf
[2023-10-19 17:00:11,679->download_from_drive.py->generate_file_location():110]DEBUG: Destination of downloaded file is C:/Program Files/KOMP/ImageDownload/pictures/IMPC_ECG_003
[2023-10-19 17:00:11,679->download_from_drive.py->generate_file_location():105]DEBUG: Source file path is //bht2stor.jax.org/phenotype/EKG-V2/KOMP/images/A-14875-RAW.pdf
[2023-10-19 17:00:11,679->download_from_drive.py->generate_file_location():110]DEBUG: Destination of downloaded file is C:/Program Files/KOMP/ImageDownload/pictures/IMPC_ECG_003
[2023-10-19 17:00:11,679->download_from_drive.py->generate_file_location():105]DEBUG: Source file path is //bht2stor.jax.org/phenotype/EKG-V2/KOMP/images/A-14944-RAW.pdf
[2023-10-19 17:00:11,679->download_from_drive.py->generate_file_location():110]DEBUG: Destination of downloaded file is C:/Program Files/KOMP/ImageDownload/pictures/IMPC_ECG_003
[2023-10-19 17:00:11,679->download_from_drive.py->generate_file_location():105]DEBUG: Source file path is //bht2stor.jax.org/phenotype/EKG-V2/KOMP/images/A-14953-RAW.pdf
[2023-10-19 17:00:11,679->download_from_drive.py->generate_file_location():110]DEBUG: Destination of downloaded file is C:/Program Files/KOMP/ImageDownload/pictures/IMPC_ECG_003
[2023-10-19 17:00:11,679->download_from_drive.py->generate_file_location():105]DEBUG: Source file path is //bht2stor.jax.org/phenotype/EKG-V2/KOMP/images/A-14946-RAW.pdf
[2023-10-19 17:00:11,679->download_from_drive.py->generate_file_location():110]DEBUG: Destination of downloaded file is C:/Program Files/KOMP/ImageDownload/pictures/IMPC_ECG_003
[2023-10-19 17:00:11,679->download_from_drive.py->generate_file_location():105]DEBUG: Source file path is //bht2stor.jax.org/phenotype/EKG-V2/KOMP/images/A-14948-RAW.pdf
[2023-10-19 17:00:11,679->download_from_drive.py->generate_file_location():110]DEBUG: Destination of downloaded file is C:/Program Files/KOMP/ImageDownload/pictures/IMPC_ECG_003
[2023-10-19 17:00:11,679->download_from_drive.py->generate_file_location():105]DEBUG: Source file path is //bht2stor.jax.org/phenotype/EKG-V2/KOMP/images/A-14945-RAW.pdf
[2023-10-19 17:00:11,679->download_from_drive.py->generate_file_location():110]DEBUG: Destination of downloaded file is C:/Program Files/KOMP/ImageDownload/pictures/IMPC_ECG_003
[2023-10-19 17:00:11,679->download_from_drive.py->generate_file_location():105]DEBUG: Source file path is //bht2stor.jax.org/phenotype/EKG-V2/KOMP/images/A-14950-RAW.pdf
[2023-10-19 17:00:11,679->download_from_drive.py->generate_file_location():110]DEBUG: Destination of downloaded file is C:/Program Files/KOMP/ImageDownload/pictures/IMPC_ECG_003
[2023-10-19 17:00:11,679->download_from_drive.py->generate_file_location():105]DEBUG: Source file path is //bht2stor.jax.org/phenotype/EKG-V2/KOMP/images/A-14870-RAW.pdf
[2023-10-19 17:00:11,679->download_from_drive.py->generate_file_location():110]DEBUG: Destination of downloaded file is C:/Program Files/KOMP/ImageDownload/pictures/IMPC_ECG_003
[2023-10-19 17:00:11,679->download_from_drive.py->generate_file_location():105]DEBUG: Source file path is //bht2stor.jax.org/phenotype/EKG-V2/KOMP/images/A-14868-RAW.pdf
[2023-10-19 17:00:11,679->download_from_drive.py->generate_file_location():110]DEBUG: Destination of downloaded file is C:/Program Files/KOMP/ImageDownload/pictures/IMPC_ECG_003
[2023-10-19 17:00:11,679->download_from_drive.py->generate_file_location():105]DEBUG: Source file path is //bht2stor.jax.org/phenotype/EKG-V2/KOMP/images/A-15029-RAW.pdf
[2023-10-19 17:00:11,679->download_from_drive.py->generate_file_location():110]DEBUG: Destination of downloaded file is C:/Program Files/KOMP/ImageDownload/pictures/IMPC_ECG_003
[2023-10-19 17:00:11,679->download_from_drive.py->generate_file_location():105]DEBUG: Source file path is //bht2stor.jax.org/phenotype/EKG-V2/KOMP/images/A-15023-RAW.pdf
[2023-10-19 17:00:11,679->download_from_drive.py->generate_file_location():110]DEBUG: Destination of downloaded file is C:/Program Files/KOMP/ImageDownload/pictures/IMPC_ECG_003
[2023-10-19 17:00:11,695->download_from_drive.py->generate_file_location():105]DEBUG: Source file path is //bht2stor.jax.org/phenotype/EKG-V2/KOMP/images/A-15005-RAW.pdf
[2023-10-19 17:00:11,695->download_from_drive.py->generate_file_location():110]DEBUG: Destination of downloaded file is C:/Program Files/KOMP/ImageDownload/pictures/IMPC_ECG_003
[2023-10-19 17:00:11,695->download_from_drive.py->generate_file_location():105]DEBUG: Source file path is //bht2stor.jax.org/phenotype/EKG-V2/KOMP/images/A-15014-RAW.pdf
[2023-10-19 17:00:11,695->download_from_drive.py->generate_file_location():110]DEBUG: Destination of downloaded file is C:/Program Files/KOMP/ImageDownload/pictures/IMPC_ECG_003
[2023-10-19 17:00:11,695->download_from_drive.py->generate_file_location():105]DEBUG: Source file path is //bht2stor.jax.org/phenotype/EKG-V2/KOMP/images/A-14927-RAW.pdf
[2023-10-19 17:00:11,695->download_from_drive.py->generate_file_location():110]DEBUG: Destination of downloaded file is C:/Program Files/KOMP/ImageDownload/pictures/IMPC_ECG_003
[2023-10-19 17:00:11,695->download_from_drive.py->generate_file_location():105]DEBUG: Source file path is //bht2stor.jax.org/phenotype/EKG-V2/KOMP/images/A-14921-RAW.pdf
[2023-10-19 17:00:11,695->download_from_drive.py->generate_file_location():110]DEBUG: Destination of downloaded file is C:/Program Files/KOMP/ImageDownload/pictures/IMPC_ECG_003
[2023-10-19 17:00:11,695->download_from_drive.py->generate_file_location():105]DEBUG: Source file path is //bht2stor.jax.org/phenotype/EKG-V2/KOMP/images/A-14920-RAW.pdf
[2023-10-19 17:00:11,695->download_from_drive.py->generate_file_location():110]DEBUG: Destination of downloaded file is C:/Program Files/KOMP/ImageDownload/pictures/IMPC_ECG_003
[2023-10-19 17:00:11,695->download_from_drive.py->generate_file_location():105]DEBUG: Source file path is //bht2stor.jax.org/phenotype/EKG-V2/KOMP/images/A-14911-RAW.pdf
[2023-10-19 17:00:11,695->download_from_drive.py->generate_file_location():110]DEBUG: Destination of downloaded file is C:/Program Files/KOMP/ImageDownload/pictures/IMPC_ECG_003
[2023-10-19 17:00:11,695->download_from_drive.py->generate_file_location():105]DEBUG: Source file path is //bht2stor.jax.org/phenotype/EKG-V2/KOMP/images/A-14915-RAW.pdf
[2023-10-19 17:00:11,695->download_from_drive.py->generate_file_location():110]DEBUG: Destination of downloaded file is C:/Program Files/KOMP/ImageDownload/pictures/IMPC_ECG_003
[2023-10-19 17:00:11,695->download_from_drive.py->generate_file_location():105]DEBUG: Source file path is //bht2stor.jax.org/phenotype/SHIRPA/KOMP/images/A-16684_1.jpg
[2023-10-19 17:00:11,695->download_from_drive.py->generate_file_location():110]DEBUG: Destination of downloaded file is C:/Program Files/KOMP/ImageDownload/pictures/IMPC_CSD_003
[2023-10-19 17:00:11,695->download_from_drive.py->generate_file_location():105]DEBUG: Source file path is //bht2stor.jax.org/phenotype/SHIRPA/KOMP/images/A-16686_1.jpg
[2023-10-19 17:00:11,695->download_from_drive.py->generate_file_location():110]DEBUG: Destination of downloaded file is C:/Program Files/KOMP/ImageDownload/pictures/IMPC_CSD_003
[2023-10-19 17:00:11,695->download_from_drive.py->generate_file_location():105]DEBUG: Source file path is //bht2stor.jax.org/phenotype/SHIRPA/KOMP/images/A-16163_1.jpg
[2023-10-19 17:00:11,695->download_from_drive.py->generate_file_location():110]DEBUG: Destination of downloaded file is C:/Program Files/KOMP/ImageDownload/pictures/IMPC_CSD_003
[2023-10-19 17:00:11,695->download_from_drive.py->generate_file_location():105]DEBUG: Source file path is //bht2stor.jax.org/phenotype/SHIRPA/KOMP/images/A-16163_2.jpg
[2023-10-19 17:00:11,695->download_from_drive.py->generate_file_location():110]DEBUG: Destination of downloaded file is C:/Program Files/KOMP/ImageDownload/pictures/IMPC_CSD_003
[2023-10-19 17:00:11,695->download_from_drive.py->generate_file_location():105]DEBUG: Source file path is //bht2stor.jax.org/phenotype/SHIRPA/KOMP/images/A-16146_1.jpg
[2023-10-19 17:00:11,695->download_from_drive.py->generate_file_location():110]DEBUG: Destination of downloaded file is C:/Program Files/KOMP/ImageDownload/pictures/IMPC_CSD_003
[2023-10-19 17:00:11,695->download_from_drive.py->generate_file_location():105]DEBUG: Source file path is //bht2stor.jax.org/phenotype/SHIRPA/KOMP/images/A-16146_2.jpg
[2023-10-19 17:00:11,695->download_from_drive.py->generate_file_location():110]DEBUG: Destination of downloaded file is C:/Program Files/KOMP/ImageDownload/pictures/IMPC_CSD_003
[2023-10-19 17:00:11,695->download_from_drive.py->generate_file_location():105]DEBUG: Source file path is //bht2stor.jax.org/phenotype/SHIRPA/KOMP/images/A-16152_1.jpg
[2023-10-19 17:00:11,695->download_from_drive.py->generate_file_location():110]DEBUG: Destination of downloaded file is C:/Program Files/KOMP/ImageDownload/pictures/IMPC_CSD_003
[2023-10-19 17:00:11,695->download_from_drive.py->generate_file_location():105]DEBUG: Source file path is //bht2stor.jax.org/phenotype/SHIRPA/KOMP/images/A-16152_2.jpg
[2023-10-19 17:00:11,695->download_from_drive.py->generate_file_location():110]DEBUG: Destination of downloaded file is C:/Program Files/KOMP/ImageDownload/pictures/IMPC_CSD_003
[2023-10-19 17:00:11,695->download_from_drive.py->generate_file_location():105]DEBUG: Source file path is //bht2stor.jax.org/phenotype/SHIRPA/KOMP/images/A-16158_1.jpg
[2023-10-19 17:00:11,695->download_from_drive.py->generate_file_location():110]DEBUG: Destination of downloaded file is C:/Program Files/KOMP/ImageDownload/pictures/IMPC_CSD_003
[2023-10-19 17:00:11,695->download_from_drive.py->generate_file_location():105]DEBUG: Source file path is //bht2stor.jax.org/phenotype/SHIRPA/KOMP/images/A-16281_1.jpg
[2023-10-19 17:00:11,695->download_from_drive.py->generate_file_location():110]DEBUG: Destination of downloaded file is C:/Program Files/KOMP/ImageDownload/pictures/IMPC_CSD_003
[2023-10-19 17:00:11,695->download_from_drive.py->generate_file_location():105]DEBUG: Source file path is //bht2stor.jax.org/phenotype/SHIRPA/KOMP/images/A-16280_1.jpg
[2023-10-19 17:00:11,695->download_from_drive.py->generate_file_location():110]DEBUG: Destination of downloaded file is C:/Program Files/KOMP/ImageDownload/pictures/IMPC_CSD_003
[2023-10-19 17:00:11,695->download_from_drive.py->generate_file_location():105]DEBUG: Source file path is //bht2stor.jax.org/phenotype/SHIRPA/KOMP/images/A-16259_1.jpg
[2023-10-19 17:00:11,695->download_from_drive.py->generate_file_location():110]DEBUG: Destination of downloaded file is C:/Program Files/KOMP/ImageDownload/pictures/IMPC_CSD_003
[2023-10-19 17:00:11,695->download_from_drive.py->generate_file_location():105]DEBUG: Source file path is //bht2stor.jax.org/phenotype/SHIRPA/KOMP/images/
[2023-10-19 17:00:11,695->download_from_drive.py->generate_file_location():110]DEBUG: Destination of downloaded file is C:/Program Files/KOMP/ImageDownload/pictures/IMPC_CSD_003
[2023-10-19 17:00:11,711->download_from_drive.py->generate_file_location():105]DEBUG: Source file path is //bht2stor.jax.org/phenotype/SHIRPA/KOMP/images/A-16140_1.jpg
[2023-10-19 17:00:11,711->download_from_drive.py->generate_file_location():110]DEBUG: Destination of downloaded file is C:/Program Files/KOMP/ImageDownload/pictures/IMPC_CSD_003
[2023-10-19 17:00:11,711->download_from_drive.py->generate_file_location():105]DEBUG: Source file path is //bht2stor.jax.org/phenotype/SHIRPA/KOMP/images/A-16215_1.jpg
[2023-10-19 17:00:11,711->download_from_drive.py->generate_file_location():110]DEBUG: Destination of downloaded file is C:/Program Files/KOMP/ImageDownload/pictures/IMPC_CSD_003
[2023-10-19 17:00:11,711->download_from_drive.py->generate_file_location():105]DEBUG: Source file path is //bht2stor.jax.org/phenotype/SHIRPA/KOMP/images/A-16097_1.jpg
[2023-10-19 17:00:11,711->download_from_drive.py->generate_file_location():110]DEBUG: Destination of downloaded file is C:/Program Files/KOMP/ImageDownload/pictures/IMPC_CSD_003
[2023-10-19 17:00:11,711->download_from_drive.py->generate_file_location():105]DEBUG: Source file path is //bht2stor.jax.org/phenotype/SHIRPA/KOMP/images/A-16097_2.jpg
[2023-10-19 17:00:11,711->download_from_drive.py->generate_file_location():110]DEBUG: Destination of downloaded file is C:/Program Files/KOMP/ImageDownload/pictures/IMPC_CSD_003
[2023-10-19 17:00:11,711->download_from_drive.py->generate_file_location():105]DEBUG: Source file path is //bht2stor.jax.org/phenotype/SHIRPA/KOMP/images/A-16098_1.jpg
[2023-10-19 17:00:11,711->download_from_drive.py->generate_file_location():110]DEBUG: Destination of downloaded file is C:/Program Files/KOMP/ImageDownload/pictures/IMPC_CSD_003
[2023-10-19 17:00:11,711->download_from_drive.py->generate_file_location():105]DEBUG: Source file path is //bht2stor.jax.org/phenotype/SHIRPA/KOMP/images/A-16094_1.jpg
[2023-10-19 17:00:11,711->download_from_drive.py->generate_file_location():110]DEBUG: Destination of downloaded file is C:/Program Files/KOMP/ImageDownload/pictures/IMPC_CSD_003
[2023-10-19 17:00:11,711->download_from_drive.py->download_from_drive():136]DEBUG: Processing IMPC_CSD_003
[2023-10-19 17:00:11,711->download_from_drive.py->download_from_drive():144]INFO: Starting downloading file  from //bht2stor.jax.org/phenotype/SHIRPA/KOMP/images/ to C:/Program Files/KOMP/ImageDownload/pictures/IMPC_CSD_003
