[2023-10-27 19:20:37,644->download_from_omero.py-><module>():272]INFO: Logger has been created
[2023-10-27 19:20:37,644->download_from_omero.py->db_init():27]INFO: Connecting to database . . .
[2023-10-27 19:20:37,754->download_from_omero.py->download_from_omero():98]DEBUG: https://omeroweb.jax.org/api/v0/
[2023-10-27 19:20:37,785->download_from_omero.py->download_from_omero():119]DEBUG: https://omeroweb.jax.org/api/v0/login/
[2023-10-27 19:20:40,520->download_from_omero.py->main():259]INFO: Process finished
[2023-10-27 19:20:45,584->download_from_drive.py-><module>():261]INFO: Logger has been created
[2023-10-27 19:20:45,584->download_from_drive.py-><module>():273]ERROR: [WinError 183] Cannot create a file when that file already exists: 'C:/Program Files/KOMP/ImageDownload/pictures'
[2023-10-27 19:20:45,584->download_from_drive.py->db_init():36]INFO: Connecting to database . . .
[2023-10-27 19:20:45,599->download_from_drive.py->generate_file_location():112]DEBUG: Source file path is //bht2stor.jax.org/phenotype/SHIRPA/KOMP/images/A-16140_1.jpg
[2023-10-27 19:20:45,599->download_from_drive.py->generate_file_location():117]DEBUG: Destination of downloaded file is C:/Program Files/KOMP/ImageDownload/pictures/IMPC_CSD_003
[2023-10-27 19:20:45,599->download_from_drive.py->generate_file_location():112]DEBUG: Source file path is //bht2stor.jax.org/phenotype/SHIRPA/KOMP/images/A-16215_1.jpg
[2023-10-27 19:20:45,599->download_from_drive.py->generate_file_location():117]DEBUG: Destination of downloaded file is C:/Program Files/KOMP/ImageDownload/pictures/IMPC_CSD_003
[2023-10-27 19:20:45,599->download_from_drive.py->generate_file_location():112]DEBUG: Source file path is //bht2stor.jax.org/phenotype/SHIRPA/KOMP/images/A-16097_1.jpg
[2023-10-27 19:20:45,599->download_from_drive.py->generate_file_location():117]DEBUG: Destination of downloaded file is C:/Program Files/KOMP/ImageDownload/pictures/IMPC_CSD_003
[2023-10-27 19:20:45,599->download_from_drive.py->generate_file_location():112]DEBUG: Source file path is //bht2stor.jax.org/phenotype/SHIRPA/KOMP/images/A-16097_2.jpg
[2023-10-27 19:20:45,599->download_from_drive.py->generate_file_location():117]DEBUG: Destination of downloaded file is C:/Program Files/KOMP/ImageDownload/pictures/IMPC_CSD_003
[2023-10-27 19:20:45,615->download_from_drive.py->generate_file_location():112]DEBUG: Source file path is //bht2stor.jax.org/phenotype/SHIRPA/KOMP/images/A-16098_1.jpg
[2023-10-27 19:20:45,615->download_from_drive.py->generate_file_location():117]DEBUG: Destination of downloaded file is C:/Program Files/KOMP/ImageDownload/pictures/IMPC_CSD_003
[2023-10-27 19:20:45,615->download_from_drive.py->generate_file_location():112]DEBUG: Source file path is //bht2stor.jax.org/phenotype/SHIRPA/KOMP/images/A-16094_1.jpg
[2023-10-27 19:20:45,615->download_from_drive.py->generate_file_location():117]DEBUG: Destination of downloaded file is C:/Program Files/KOMP/ImageDownload/pictures/IMPC_CSD_003
[2023-10-27 19:20:45,615->download_from_drive.py->download_from_drive():143]DEBUG: Processing IMPC_CSD_003
[2023-10-27 19:20:45,615->download_from_drive.py->download_from_drive():151]INFO: Starting downloading file A-16140_1.jpg from //bht2stor.jax.org/phenotype/SHIRPA/KOMP/images/A-16140_1.jpg to C:/Program Files/KOMP/ImageDownload/pictures/IMPC_CSD_003
[2023-10-27 19:20:46,631->download_from_drive.py->download_from_drive():154]INFO: Done downloading file A-16140_1.jpg
[2023-10-27 19:20:46,631->download_from_drive.py->download_from_drive():157]INFO: Start to send file A-16140_1.jpg to bhjlk02lp.jax.org
[2023-10-27 19:20:47,287->download_from_drive.py->send_to_server():200]INFO: -rw-r--r--   1 99000    1000       285160 25 Oct 19:43 ?
[2023-10-27 19:20:47,287->download_from_drive.py->send_to_server():201]INFO: File 3603826_A-16140_1.jpg exists in directory IMPC_CSD_003
[2023-10-27 19:20:47,287->download_from_drive.py->db_init():36]INFO: Connecting to database . . .
[2023-10-27 19:21:27,776->download_from_drive.py->update_images_status():77]DEBUG: UPDATE KOMP.imagefileuploadstatus SET DateOfUpload='2023-10-27', UploadStatus='Success', Message='File already exits on server' WHERE _ImageFile_key = 36654;
[2023-10-27 19:21:27,776->download_from_drive.py->send_to_server():221]INFO: Finish uploading A-16140_1.jpg
[2023-10-27 19:21:27,776->download_from_drive.py->DFS():234]DEBUG: C:/Program Files/KOMP/ImageDownload/pictures/IMPC_CSD_003\A-16140_1.jpg
[2023-10-27 19:21:27,776->download_from_drive.py->DFS():236]DEBUG: Deleteing C:/Program Files/KOMP/ImageDownload/pictures/IMPC_CSD_003\A-16140_1.jpg
[2023-10-27 19:21:27,776->download_from_drive.py->download_from_drive():151]INFO: Starting downloading file A-16215_1.jpg from //bht2stor.jax.org/phenotype/SHIRPA/KOMP/images/A-16215_1.jpg to C:/Program Files/KOMP/ImageDownload/pictures/IMPC_CSD_003
[2023-10-27 19:21:28,417->download_from_drive.py->download_from_drive():154]INFO: Done downloading file A-16215_1.jpg
[2023-10-27 19:21:28,417->download_from_drive.py->download_from_drive():157]INFO: Start to send file A-16215_1.jpg to bhjlk02lp.jax.org
[2023-10-27 19:21:28,963->download_from_drive.py->send_to_server():200]INFO: -rw-r--r--   1 99000    1000       128540 25 Oct 19:44 ?
[2023-10-27 19:21:28,963->download_from_drive.py->send_to_server():201]INFO: File 3603903_A-16215_1.jpg exists in directory IMPC_CSD_003
[2023-10-27 19:21:28,963->download_from_drive.py->db_init():36]INFO: Connecting to database . . .
[2023-10-27 19:22:08,917->download_from_drive.py->update_images_status():77]DEBUG: UPDATE KOMP.imagefileuploadstatus SET DateOfUpload='2023-10-27', UploadStatus='Success', Message='File already exits on server' WHERE _ImageFile_key = 36655;
[2023-10-27 19:22:08,917->download_from_drive.py->send_to_server():221]INFO: Finish uploading A-16215_1.jpg
[2023-10-27 19:22:08,917->download_from_drive.py->DFS():234]DEBUG: C:/Program Files/KOMP/ImageDownload/pictures/IMPC_CSD_003\A-16215_1.jpg
[2023-10-27 19:22:08,917->download_from_drive.py->DFS():236]DEBUG: Deleteing C:/Program Files/KOMP/ImageDownload/pictures/IMPC_CSD_003\A-16215_1.jpg
[2023-10-27 19:22:08,917->download_from_drive.py->download_from_drive():151]INFO: Starting downloading file A-16097_1.jpg from //bht2stor.jax.org/phenotype/SHIRPA/KOMP/images/A-16097_1.jpg to C:/Program Files/KOMP/ImageDownload/pictures/IMPC_CSD_003
[2023-10-27 19:22:09,324->download_from_drive.py->download_from_drive():154]INFO: Done downloading file A-16097_1.jpg
[2023-10-27 19:22:09,324->download_from_drive.py->download_from_drive():157]INFO: Start to send file A-16097_1.jpg to bhjlk02lp.jax.org
[2023-10-27 19:22:09,855->download_from_drive.py->send_to_server():200]INFO: -rw-r--r--   1 99000    1000        79569 25 Oct 19:45 ?
[2023-10-27 19:22:09,855->download_from_drive.py->send_to_server():201]INFO: File 3604269_A-16097_1.jpg exists in directory IMPC_CSD_003
[2023-10-27 19:22:09,855->download_from_drive.py->db_init():36]INFO: Connecting to database . . .
[2023-10-27 19:22:49,311->download_from_drive.py->update_images_status():77]DEBUG: UPDATE KOMP.imagefileuploadstatus SET DateOfUpload='2023-10-27', UploadStatus='Success', Message='File already exits on server' WHERE _ImageFile_key = 36656;
[2023-10-27 19:22:49,327->download_from_drive.py->send_to_server():221]INFO: Finish uploading A-16097_1.jpg
[2023-10-27 19:22:49,327->download_from_drive.py->DFS():234]DEBUG: C:/Program Files/KOMP/ImageDownload/pictures/IMPC_CSD_003\A-16097_1.jpg
[2023-10-27 19:22:49,327->download_from_drive.py->DFS():236]DEBUG: Deleteing C:/Program Files/KOMP/ImageDownload/pictures/IMPC_CSD_003\A-16097_1.jpg
[2023-10-27 19:22:49,327->download_from_drive.py->download_from_drive():151]INFO: Starting downloading file A-16097_2.jpg from //bht2stor.jax.org/phenotype/SHIRPA/KOMP/images/A-16097_2.jpg to C:/Program Files/KOMP/ImageDownload/pictures/IMPC_CSD_003
[2023-10-27 19:22:49,733->download_from_drive.py->download_from_drive():154]INFO: Done downloading file A-16097_2.jpg
[2023-10-27 19:22:49,733->download_from_drive.py->download_from_drive():157]INFO: Start to send file A-16097_2.jpg to bhjlk02lp.jax.org
[2023-10-27 19:22:50,264->download_from_drive.py->send_to_server():200]INFO: -rw-r--r--   1 99000    1000       170435 25 Oct 19:45 ?
[2023-10-27 19:22:50,264->download_from_drive.py->send_to_server():201]INFO: File 3604269_A-16097_2.jpg exists in directory IMPC_CSD_003
[2023-10-27 19:22:50,264->download_from_drive.py->db_init():36]INFO: Connecting to database . . .
[2023-10-27 19:23:30,080->download_from_drive.py->update_images_status():77]DEBUG: UPDATE KOMP.imagefileuploadstatus SET DateOfUpload='2023-10-27', UploadStatus='Success', Message='File already exits on server' WHERE _ImageFile_key = 36657;
[2023-10-27 19:23:30,080->download_from_drive.py->send_to_server():221]INFO: Finish uploading A-16097_2.jpg
[2023-10-27 19:23:30,080->download_from_drive.py->DFS():234]DEBUG: C:/Program Files/KOMP/ImageDownload/pictures/IMPC_CSD_003\A-16097_2.jpg
[2023-10-27 19:23:30,080->download_from_drive.py->DFS():236]DEBUG: Deleteing C:/Program Files/KOMP/ImageDownload/pictures/IMPC_CSD_003\A-16097_2.jpg
[2023-10-27 19:23:30,096->download_from_drive.py->download_from_drive():151]INFO: Starting downloading file A-16098_1.jpg from //bht2stor.jax.org/phenotype/SHIRPA/KOMP/images/A-16098_1.jpg to C:/Program Files/KOMP/ImageDownload/pictures/IMPC_CSD_003
[2023-10-27 19:23:30,658->download_from_drive.py->download_from_drive():154]INFO: Done downloading file A-16098_1.jpg
[2023-10-27 19:23:30,658->download_from_drive.py->download_from_drive():157]INFO: Start to send file A-16098_1.jpg to bhjlk02lp.jax.org
[2023-10-27 19:23:31,205->download_from_drive.py->send_to_server():200]INFO: -rw-r--r--   1 99000    1000       112256 25 Oct 19:46 ?
[2023-10-27 19:23:31,205->download_from_drive.py->send_to_server():201]INFO: File 3604296_A-16098_1.jpg exists in directory IMPC_CSD_003
[2023-10-27 19:23:31,205->download_from_drive.py->db_init():36]INFO: Connecting to database . . .
[2023-10-27 19:24:11,378->download_from_drive.py->update_images_status():77]DEBUG: UPDATE KOMP.imagefileuploadstatus SET DateOfUpload='2023-10-27', UploadStatus='Success', Message='File already exits on server' WHERE _ImageFile_key = 36658;
[2023-10-27 19:24:11,378->download_from_drive.py->send_to_server():221]INFO: Finish uploading A-16098_1.jpg
[2023-10-27 19:24:11,378->download_from_drive.py->DFS():234]DEBUG: C:/Program Files/KOMP/ImageDownload/pictures/IMPC_CSD_003\A-16098_1.jpg
[2023-10-27 19:24:11,378->download_from_drive.py->DFS():236]DEBUG: Deleteing C:/Program Files/KOMP/ImageDownload/pictures/IMPC_CSD_003\A-16098_1.jpg
[2023-10-27 19:24:11,378->download_from_drive.py->download_from_drive():151]INFO: Starting downloading file A-16094_1.jpg from //bht2stor.jax.org/phenotype/SHIRPA/KOMP/images/A-16094_1.jpg to C:/Program Files/KOMP/ImageDownload/pictures/IMPC_CSD_003
[2023-10-27 19:24:11,440->download_from_drive.py->download_from_drive():154]INFO: Done downloading file A-16094_1.jpg
[2023-10-27 19:24:11,440->download_from_drive.py->download_from_drive():157]INFO: Start to send file A-16094_1.jpg to bhjlk02lp.jax.org
[2023-10-27 19:24:11,972->download_from_drive.py->send_to_server():200]INFO: -rw-r--r--   1 99000    1000       146832 25 Oct 19:47 ?
[2023-10-27 19:24:11,972->download_from_drive.py->send_to_server():201]INFO: File 3604323_A-16094_1.jpg exists in directory IMPC_CSD_003
[2023-10-27 19:24:11,972->download_from_drive.py->db_init():36]INFO: Connecting to database . . .
[2023-10-27 19:24:52,177->download_from_drive.py->update_images_status():77]DEBUG: UPDATE KOMP.imagefileuploadstatus SET DateOfUpload='2023-10-27', UploadStatus='Success', Message='File already exits on server' WHERE _ImageFile_key = 36659;
[2023-10-27 19:24:52,193->download_from_drive.py->send_to_server():221]INFO: Finish uploading A-16094_1.jpg
[2023-10-27 19:24:52,193->download_from_drive.py->DFS():234]DEBUG: C:/Program Files/KOMP/ImageDownload/pictures/IMPC_CSD_003\A-16094_1.jpg
[2023-10-27 19:24:52,193->download_from_drive.py->DFS():236]DEBUG: Deleteing C:/Program Files/KOMP/ImageDownload/pictures/IMPC_CSD_003\A-16094_1.jpg
