[2023-09-07 17:00:04,071->download_from_omero.py-><module>():272]INFO: Logger has been created
[2023-09-07 17:00:04,071->download_from_omero.py->db_init():27]INFO: Connecting to database . . .
[2023-09-07 17:00:04,227->download_from_omero.py->download_from_omero():98]DEBUG: https://omeroweb.jax.org/api/v0/
[2023-09-07 17:00:04,258->download_from_omero.py->download_from_omero():119]DEBUG: https://omeroweb.jax.org/api/v0/login/
[2023-09-07 17:00:19,645->download_from_drive.py-><module>():253]INFO: Logger has been created
[2023-09-07 17:00:19,648->download_from_drive.py-><module>():265]ERROR: [WinError 183] Cannot create a file when that file already exists: 'C:/Program Files/KOMP/ImageDownload/pictures'
[2023-09-07 17:00:19,648->download_from_drive.py->db_init():24]INFO: Connecting to database . . .
[2023-09-07 17:00:19,663->download_from_drive.py->generate_file_location():102]DEBUG: Source file path is //bht2stor.jax.org/phenotype/ERG-V2/KOMP/images/R51948-OD 09-40-25.365 09-19-19-1.tif
[2023-09-07 17:00:19,663->download_from_drive.py->generate_file_location():107]DEBUG: Destination of downloaded file is C:/Program Files/KOMP/ImageDownload/pictures/JAX_ERG_003
[2023-09-07 17:00:19,663->download_from_drive.py->generate_file_location():102]DEBUG: Source file path is //bht2stor.jax.org/phenotype/ERG-V2/KOMP/images/R51948-OD 09-40-25.365 09-19-19-1.tif
[2023-09-07 17:00:19,663->download_from_drive.py->generate_file_location():107]DEBUG: Destination of downloaded file is C:/Program Files/KOMP/ImageDownload/pictures/JAX_ERG_003
[2023-09-07 17:00:19,663->download_from_drive.py->generate_file_location():102]DEBUG: Source file path is //bht2stor.jax.org/phenotype/ERG-V2/KOMP/images/R51949-OS 10-06-35.999 09-19-19-1.tif
[2023-09-07 17:00:19,679->download_from_drive.py->generate_file_location():107]DEBUG: Destination of downloaded file is C:/Program Files/KOMP/ImageDownload/pictures/JAX_ERG_003
[2023-09-07 17:00:19,679->download_from_drive.py->generate_file_location():102]DEBUG: Source file path is //bht2stor.jax.org/phenotype/ERG-V2/KOMP/images/R51949-OD 09-54-45.662 09-19-19-1.tif
[2023-09-07 17:00:19,679->download_from_drive.py->generate_file_location():107]DEBUG: Destination of downloaded file is C:/Program Files/KOMP/ImageDownload/pictures/JAX_ERG_003
[2023-09-07 17:00:19,679->download_from_drive.py->generate_file_location():102]DEBUG: Source file path is //bht2stor.jax.org/phenotype/ERG-V2/KOMP/images/R51949-OS 10-06-35.999 09-19-19-1.tif
[2023-09-07 17:00:19,679->download_from_drive.py->generate_file_location():107]DEBUG: Destination of downloaded file is C:/Program Files/KOMP/ImageDownload/pictures/JAX_ERG_003
[2023-09-07 17:00:19,679->download_from_drive.py->generate_file_location():102]DEBUG: Source file path is //bht2stor.jax.org/phenotype/ERG-V2/KOMP/images/R51949-OD 09-54-45.662 09-19-19-1.tif
[2023-09-07 17:00:19,679->download_from_drive.py->generate_file_location():107]DEBUG: Destination of downloaded file is C:/Program Files/KOMP/ImageDownload/pictures/JAX_ERG_003
[2023-09-07 17:00:19,679->download_from_drive.py->generate_file_location():102]DEBUG: Source file path is //bht2stor.jax.org/phenotype/ERG-V2/KOMP/images/R51943-OS 10-15-24.500 09-19-19-1.tif
[2023-09-07 17:00:19,679->download_from_drive.py->generate_file_location():107]DEBUG: Destination of downloaded file is C:/Program Files/KOMP/ImageDownload/pictures/JAX_ERG_003
[2023-09-07 17:00:19,679->download_from_drive.py->generate_file_location():102]DEBUG: Source file path is //bht2stor.jax.org/phenotype/ERG-V2/KOMP/images/R51943-OS 10-15-24.500 09-19-19-1.tif
[2023-09-07 17:00:19,679->download_from_drive.py->generate_file_location():107]DEBUG: Destination of downloaded file is C:/Program Files/KOMP/ImageDownload/pictures/JAX_ERG_003
[2023-09-07 17:00:19,679->download_from_drive.py->generate_file_location():102]DEBUG: Source file path is //bht2stor.jax.org/phenotype/ERG-V2/KOMP/images/R51954-OD 10-20-52.704 09-19-19-1.tif
[2023-09-07 17:00:19,679->download_from_drive.py->generate_file_location():107]DEBUG: Destination of downloaded file is C:/Program Files/KOMP/ImageDownload/pictures/JAX_ERG_003
[2023-09-07 17:00:19,679->download_from_drive.py->generate_file_location():102]DEBUG: Source file path is //bht2stor.jax.org/phenotype/ERG-V2/KOMP/images/R51954-OD 10-20-52.704 09-19-19-1.tif
[2023-09-07 17:00:19,679->download_from_drive.py->generate_file_location():107]DEBUG: Destination of downloaded file is C:/Program Files/KOMP/ImageDownload/pictures/JAX_ERG_003
[2023-09-07 17:00:19,679->download_from_drive.py->generate_file_location():102]DEBUG: Source file path is //bht2stor.jax.org/phenotype/ERG-V2/KOMP/images/R51955-OD 10-31-12.177 09-19-19-1.tif
[2023-09-07 17:00:19,679->download_from_drive.py->generate_file_location():107]DEBUG: Destination of downloaded file is C:/Program Files/KOMP/ImageDownload/pictures/JAX_ERG_003
[2023-09-07 17:00:19,679->download_from_drive.py->generate_file_location():102]DEBUG: Source file path is //bht2stor.jax.org/phenotype/ERG-V2/KOMP/images/R51955-OD 10-31-12.177 09-19-19-1.tif
[2023-09-07 17:00:19,679->download_from_drive.py->generate_file_location():107]DEBUG: Destination of downloaded file is C:/Program Files/KOMP/ImageDownload/pictures/JAX_ERG_003
[2023-09-07 17:00:19,679->download_from_drive.py->generate_file_location():102]DEBUG: Source file path is //bht2stor.jax.org/phenotype/ERG-V2/KOMP/images/R97412-OD 08-30-27.859 03-18-20-1.tif
[2023-09-07 17:00:19,679->download_from_drive.py->generate_file_location():107]DEBUG: Destination of downloaded file is C:/Program Files/KOMP/ImageDownload/pictures/JAX_ERG_003
[2023-09-07 17:00:19,679->download_from_drive.py->generate_file_location():102]DEBUG: Source file path is //bht2stor.jax.org/phenotype/ERG-V2/KOMP/images/R97412-OS 08-32-47.378 03-18-20-1.tif
[2023-09-07 17:00:19,679->download_from_drive.py->generate_file_location():107]DEBUG: Destination of downloaded file is C:/Program Files/KOMP/ImageDownload/pictures/JAX_ERG_003
[2023-09-07 17:00:19,679->download_from_drive.py->generate_file_location():102]DEBUG: Source file path is //bht2stor.jax.org/phenotype/ERG-V2/KOMP/images/R97413-OS 08-46-05.417 03-18-20-1.tif
[2023-09-07 17:00:19,679->download_from_drive.py->generate_file_location():107]DEBUG: Destination of downloaded file is C:/Program Files/KOMP/ImageDownload/pictures/JAX_ERG_003
[2023-09-07 17:00:19,679->download_from_drive.py->generate_file_location():102]DEBUG: Source file path is //bht2stor.jax.org/phenotype/ERG-V2/KOMP/images/R97413-OD 08-35-52.928 03-18-20-1.tif
[2023-09-07 17:00:19,679->download_from_drive.py->generate_file_location():107]DEBUG: Destination of downloaded file is C:/Program Files/KOMP/ImageDownload/pictures/JAX_ERG_003
[2023-09-07 17:00:19,679->download_from_drive.py->generate_file_location():102]DEBUG: Source file path is //bht2stor.jax.org/phenotype/ERG-V2/KOMP/images/R96779-OS 10-09-41.613 03-26-20-1.tif
[2023-09-07 17:00:19,679->download_from_drive.py->generate_file_location():107]DEBUG: Destination of downloaded file is C:/Program Files/KOMP/ImageDownload/pictures/JAX_ERG_003
[2023-09-07 17:00:19,679->download_from_drive.py->generate_file_location():102]DEBUG: Source file path is //bht2stor.jax.org/phenotype/ERG-V2/KOMP/images/R96779-OD 10-00-30.855 03-26-20-1.tif
[2023-09-07 17:00:19,679->download_from_drive.py->generate_file_location():107]DEBUG: Destination of downloaded file is C:/Program Files/KOMP/ImageDownload/pictures/JAX_ERG_003
[2023-09-07 17:00:19,679->download_from_drive.py->generate_file_location():102]DEBUG: Source file path is //bht2stor.jax.org/phenotype/ERG-V2/KOMP/images/R96780-OS 10-24-13.153 03-26-20-1.tif
[2023-09-07 17:00:19,679->download_from_drive.py->generate_file_location():107]DEBUG: Destination of downloaded file is C:/Program Files/KOMP/ImageDownload/pictures/JAX_ERG_003
[2023-09-07 17:00:19,679->download_from_drive.py->generate_file_location():102]DEBUG: Source file path is //bht2stor.jax.org/phenotype/ERG-V2/KOMP/images/R96780-OD 10-12-59.188 03-26-20-1.tif
[2023-09-07 17:00:19,679->download_from_drive.py->generate_file_location():107]DEBUG: Destination of downloaded file is C:/Program Files/KOMP/ImageDownload/pictures/JAX_ERG_003
[2023-09-07 17:00:19,679->download_from_drive.py->generate_file_location():102]DEBUG: Source file path is //bht2stor.jax.org/phenotype/ERG-V2/KOMP/images/D4567-OD 10-30-21.716 04-21-20-1.tif
[2023-09-07 17:00:19,679->download_from_drive.py->generate_file_location():107]DEBUG: Destination of downloaded file is C:/Program Files/KOMP/ImageDownload/pictures/JAX_ERG_003
[2023-09-07 17:00:19,695->download_from_drive.py->generate_file_location():102]DEBUG: Source file path is //bht2stor.jax.org/phenotype/ERG-V2/KOMP/images/D4567-OS 10-42-08.806 04-21-20-1.tif
[2023-09-07 17:00:19,695->download_from_drive.py->generate_file_location():107]DEBUG: Destination of downloaded file is C:/Program Files/KOMP/ImageDownload/pictures/JAX_ERG_003
[2023-09-07 17:00:19,695->download_from_drive.py->generate_file_location():102]DEBUG: Source file path is //bht2stor.jax.org/phenotype/ERG-V2/KOMP/images/D4568-OS 10-58-37.275 04-21-20-1.tif
[2023-09-07 17:00:19,695->download_from_drive.py->generate_file_location():107]DEBUG: Destination of downloaded file is C:/Program Files/KOMP/ImageDownload/pictures/JAX_ERG_003
[2023-09-07 17:00:19,695->download_from_drive.py->generate_file_location():102]DEBUG: Source file path is //bht2stor.jax.org/phenotype/ERG-V2/KOMP/images/D4568-OD 10-44-26.976 04-21-20-1.tif
[2023-09-07 17:00:19,695->download_from_drive.py->generate_file_location():107]DEBUG: Destination of downloaded file is C:/Program Files/KOMP/ImageDownload/pictures/JAX_ERG_003
[2023-09-07 17:00:19,695->download_from_drive.py->generate_file_location():102]DEBUG: Source file path is //bht2stor.jax.org/phenotype/ERG-V2/KOMP/images/D4889-OD 12-31-38.240 05-12-20-1.tif
[2023-09-07 17:00:19,695->download_from_drive.py->generate_file_location():107]DEBUG: Destination of downloaded file is C:/Program Files/KOMP/ImageDownload/pictures/JAX_ERG_003
[2023-09-07 17:00:19,695->download_from_drive.py->generate_file_location():102]DEBUG: Source file path is //bht2stor.jax.org/phenotype/ERG-V2/KOMP/images/D4889-OS 12-31-56.227 05-12-20-1.tif
[2023-09-07 17:00:19,695->download_from_drive.py->generate_file_location():107]DEBUG: Destination of downloaded file is C:/Program Files/KOMP/ImageDownload/pictures/JAX_ERG_003
[2023-09-07 17:00:19,695->download_from_drive.py->generate_file_location():102]DEBUG: Source file path is //bht2stor.jax.org/phenotype/ERG-V2/KOMP/images/D4890-OS 12-48-27.611 05-12-20-1.tif
[2023-09-07 17:00:19,695->download_from_drive.py->generate_file_location():107]DEBUG: Destination of downloaded file is C:/Program Files/KOMP/ImageDownload/pictures/JAX_ERG_003
[2023-09-07 17:00:19,695->download_from_drive.py->generate_file_location():102]DEBUG: Source file path is //bht2stor.jax.org/phenotype/ERG-V2/KOMP/images/D4890-OD 12-48-09.390 05-12-20-1.tif
[2023-09-07 17:00:19,695->download_from_drive.py->generate_file_location():107]DEBUG: Destination of downloaded file is C:/Program Files/KOMP/ImageDownload/pictures/JAX_ERG_003
[2023-09-07 17:00:19,695->download_from_drive.py->generate_file_location():102]DEBUG: Source file path is //bht2stor.jax.org/phenotype/ERG-V2/KOMP/images/D4891-OS 13-05-12.894 05-12-20-1.tif
[2023-09-07 17:00:19,695->download_from_drive.py->generate_file_location():107]DEBUG: Destination of downloaded file is C:/Program Files/KOMP/ImageDownload/pictures/JAX_ERG_003
[2023-09-07 17:00:19,695->download_from_drive.py->generate_file_location():102]DEBUG: Source file path is //bht2stor.jax.org/phenotype/ERG-V2/KOMP/images/D4891-OD 12-56-23.357 05-12-20-1.tif
[2023-09-07 17:00:19,695->download_from_drive.py->generate_file_location():107]DEBUG: Destination of downloaded file is C:/Program Files/KOMP/ImageDownload/pictures/JAX_ERG_003
[2023-09-07 17:00:19,695->download_from_drive.py->generate_file_location():102]DEBUG: Source file path is //bht2stor.jax.org/phenotype/ERG-V2/KOMP/images/D4892-OD 13-10-39.830 05-12-20-1.tif
[2023-09-07 17:00:19,695->download_from_drive.py->generate_file_location():107]DEBUG: Destination of downloaded file is C:/Program Files/KOMP/ImageDownload/pictures/JAX_ERG_003
[2023-09-07 17:00:19,695->download_from_drive.py->generate_file_location():102]DEBUG: Source file path is //bht2stor.jax.org/phenotype/ERG-V2/KOMP/images/D4892-OS 13-24-46.739 05-12-20-1.tif
[2023-09-07 17:00:19,695->download_from_drive.py->generate_file_location():107]DEBUG: Destination of downloaded file is C:/Program Files/KOMP/ImageDownload/pictures/JAX_ERG_003
[2023-09-07 17:00:19,695->download_from_drive.py->generate_file_location():102]DEBUG: Source file path is //bht2stor.jax.org/phenotype/ERG-V2/KOMP/images/D6214-OS 10-54-24.583 05-13-20-1.tif
[2023-09-07 17:00:19,695->download_from_drive.py->generate_file_location():107]DEBUG: Destination of downloaded file is C:/Program Files/KOMP/ImageDownload/pictures/JAX_ERG_003
[2023-09-07 17:00:19,695->download_from_drive.py->generate_file_location():102]DEBUG: Source file path is //bht2stor.jax.org/phenotype/ERG-V2/KOMP/images/D6214-OD 10-54-08.413 05-13-20-1.tif
[2023-09-07 17:00:19,695->download_from_drive.py->generate_file_location():107]DEBUG: Destination of downloaded file is C:/Program Files/KOMP/ImageDownload/pictures/JAX_ERG_003
[2023-09-07 17:00:19,695->download_from_drive.py->generate_file_location():102]DEBUG: Source file path is //bht2stor.jax.org/phenotype/ERG-V2/KOMP/images/D27021-OD 11-00-57.735 09-16-20-1.tif
[2023-09-07 17:00:19,695->download_from_drive.py->generate_file_location():107]DEBUG: Destination of downloaded file is C:/Program Files/KOMP/ImageDownload/pictures/JAX_ERG_003
[2023-09-07 17:00:19,695->download_from_drive.py->generate_file_location():102]DEBUG: Source file path is //bht2stor.jax.org/phenotype/ERG-V2/KOMP/images/D27023-OS 11-34-32.397 09-16-20-1.tif
[2023-09-07 17:00:19,695->download_from_drive.py->generate_file_location():107]DEBUG: Destination of downloaded file is C:/Program Files/KOMP/ImageDownload/pictures/JAX_ERG_003
[2023-09-07 17:00:19,695->download_from_drive.py->generate_file_location():102]DEBUG: Source file path is //bht2stor.jax.org/phenotype/ERG-V2/KOMP/images/D27023-OD 11-33-29.123 09-16-20-1.tif
[2023-09-07 17:00:19,695->download_from_drive.py->generate_file_location():107]DEBUG: Destination of downloaded file is C:/Program Files/KOMP/ImageDownload/pictures/JAX_ERG_003
[2023-09-07 17:00:19,695->download_from_drive.py->generate_file_location():102]DEBUG: Source file path is //bht2stor.jax.org/phenotype/ERG-V2/KOMP/images/D27024-OS 11-13-38.469 09-16-20-1.tif
[2023-09-07 17:00:19,695->download_from_drive.py->generate_file_location():107]DEBUG: Destination of downloaded file is C:/Program Files/KOMP/ImageDownload/pictures/JAX_ERG_003
[2023-09-07 17:00:19,695->download_from_drive.py->generate_file_location():102]DEBUG: Source file path is //bht2stor.jax.org/phenotype/ERG-V2/KOMP/images/D27024-OD 11-12-17.505 09-16-20-1.tif
[2023-09-07 17:00:19,695->download_from_drive.py->generate_file_location():107]DEBUG: Destination of downloaded file is C:/Program Files/KOMP/ImageDownload/pictures/JAX_ERG_003
[2023-09-07 17:00:19,710->download_from_drive.py->generate_file_location():102]DEBUG: Source file path is //bht2stor.jax.org/phenotype/ERG-V2/KOMP/images/D27025-OS 11-51-42.474 09-16-20-1.tif
[2023-09-07 17:00:19,710->download_from_drive.py->generate_file_location():107]DEBUG: Destination of downloaded file is C:/Program Files/KOMP/ImageDownload/pictures/JAX_ERG_003
[2023-09-07 17:00:19,710->download_from_drive.py->generate_file_location():102]DEBUG: Source file path is //bht2stor.jax.org/phenotype/ERG-V2/KOMP/images/D27025-OD 11-50-29.036 09-16-20-1.tif
[2023-09-07 17:00:19,710->download_from_drive.py->generate_file_location():107]DEBUG: Destination of downloaded file is C:/Program Files/KOMP/ImageDownload/pictures/JAX_ERG_003
[2023-09-07 17:00:19,710->download_from_drive.py->download_from_drive():133]DEBUG: Processing JAX_ERG_003
[2023-09-07 17:00:19,710->download_from_drive.py->download_from_drive():140]INFO: Starting downloading //bht2stor.jax.org/phenotype/ERG-V2/KOMP/images/R51948-OD 09-40-25.365 09-19-19-1.tif to C:/Program Files/KOMP/ImageDownload/pictures/JAX_ERG_003
[2023-09-07 17:00:20,296->download_from_drive.py->download_from_drive():144]INFO: Done downloading file R51948-OD 09-40-25.365 09-19-19-1.tif
[2023-09-07 17:00:20,296->download_from_drive.py->download_from_drive():147]INFO: Start to send file R51948-OD 09-40-25.365 09-19-19-1.tif to bhjlk02lp.jax.org
[2023-09-07 17:00:20,571->download_from_drive.py->send_to_server():197]INFO: Uploading R51948-OD 09-40-25.365 09-19-19-1.tif
[2023-09-07 17:00:20,597->download_from_drive.py->db_init():24]INFO: Connecting to database . . .
[2023-09-07 17:01:00,152->download_from_drive.py->update_images_status():66]DEBUG: UPDATE KOMP.imagefileuploadstatus SET DateOfUpload='2023-09-07', UploadStatus='Success', Message='File successfully uploaded to server' WHERE _ImageFile_key = 26862;
[2023-09-07 17:01:00,168->download_from_drive.py->send_to_server():209]INFO: Finish uploading R51948-OD 09-40-25.365 09-19-19-1.tif
[2023-09-07 17:01:00,168->download_from_drive.py->DFS():222]DEBUG: C:/Program Files/KOMP/ImageDownload/pictures/JAX_ERG_003\R51948-OD 09-40-25.365 09-19-19-1.tif
[2023-09-07 17:01:00,168->download_from_drive.py->DFS():224]DEBUG: Deleteing C:/Program Files/KOMP/ImageDownload/pictures/JAX_ERG_003\R51948-OD 09-40-25.365 09-19-19-1.tif
[2023-09-07 17:01:00,168->download_from_drive.py->download_from_drive():140]INFO: Starting downloading //bht2stor.jax.org/phenotype/ERG-V2/KOMP/images/R51948-OD 09-40-25.365 09-19-19-1.tif to C:/Program Files/KOMP/ImageDownload/pictures/JAX_ERG_003
[2023-09-07 17:01:00,215->download_from_drive.py->download_from_drive():144]INFO: Done downloading file R51948-OD 09-40-25.365 09-19-19-1.tif
[2023-09-07 17:01:00,215->download_from_drive.py->download_from_drive():147]INFO: Start to send file R51948-OD 09-40-25.365 09-19-19-1.tif to bhjlk02lp.jax.org
[2023-09-07 17:01:00,442->download_from_drive.py->send_to_server():188]INFO: -rw-r--r--   1 99000    1000      1769798 07 Sep 17:00 ?
[2023-09-07 17:01:00,442->download_from_drive.py->send_to_server():189]INFO: File exists in directory JAX_ERG_003
[2023-09-07 17:01:00,442->download_from_drive.py->db_init():24]INFO: Connecting to database . . .
[2023-09-07 17:01:39,493->download_from_drive.py->update_images_status():66]DEBUG: UPDATE KOMP.imagefileuploadstatus SET DateOfUpload='2023-09-07', UploadStatus='Success', Message='File already exits on server' WHERE _ImageFile_key = 26863;
[2023-09-07 17:01:39,508->download_from_drive.py->send_to_server():209]INFO: Finish uploading R51948-OD 09-40-25.365 09-19-19-1.tif
[2023-09-07 17:01:39,508->download_from_drive.py->DFS():222]DEBUG: C:/Program Files/KOMP/ImageDownload/pictures/JAX_ERG_003\R51948-OD 09-40-25.365 09-19-19-1.tif
[2023-09-07 17:01:39,508->download_from_drive.py->DFS():224]DEBUG: Deleteing C:/Program Files/KOMP/ImageDownload/pictures/JAX_ERG_003\R51948-OD 09-40-25.365 09-19-19-1.tif
[2023-09-07 17:01:39,508->download_from_drive.py->download_from_drive():140]INFO: Starting downloading //bht2stor.jax.org/phenotype/ERG-V2/KOMP/images/R51949-OS 10-06-35.999 09-19-19-1.tif to C:/Program Files/KOMP/ImageDownload/pictures/JAX_ERG_003
[2023-09-07 17:01:39,587->download_from_drive.py->download_from_drive():144]INFO: Done downloading file R51949-OS 10-06-35.999 09-19-19-1.tif
[2023-09-07 17:01:39,587->download_from_drive.py->download_from_drive():147]INFO: Start to send file R51949-OS 10-06-35.999 09-19-19-1.tif to bhjlk02lp.jax.org
[2023-09-07 17:01:39,790->download_from_drive.py->send_to_server():197]INFO: Uploading R51949-OS 10-06-35.999 09-19-19-1.tif
[2023-09-07 17:01:39,821->download_from_drive.py->db_init():24]INFO: Connecting to database . . .
[2023-09-07 17:02:19,816->download_from_drive.py->update_images_status():66]DEBUG: UPDATE KOMP.imagefileuploadstatus SET DateOfUpload='2023-09-07', UploadStatus='Success', Message='File successfully uploaded to server' WHERE _ImageFile_key = 26864;
[2023-09-07 17:02:19,816->download_from_drive.py->send_to_server():209]INFO: Finish uploading R51949-OS 10-06-35.999 09-19-19-1.tif
[2023-09-07 17:02:19,816->download_from_drive.py->DFS():222]DEBUG: C:/Program Files/KOMP/ImageDownload/pictures/JAX_ERG_003\R51949-OS 10-06-35.999 09-19-19-1.tif
[2023-09-07 17:02:19,816->download_from_drive.py->DFS():224]DEBUG: Deleteing C:/Program Files/KOMP/ImageDownload/pictures/JAX_ERG_003\R51949-OS 10-06-35.999 09-19-19-1.tif
[2023-09-07 17:02:19,816->download_from_drive.py->download_from_drive():140]INFO: Starting downloading //bht2stor.jax.org/phenotype/ERG-V2/KOMP/images/R51949-OD 09-54-45.662 09-19-19-1.tif to C:/Program Files/KOMP/ImageDownload/pictures/JAX_ERG_003
[2023-09-07 17:02:19,910->download_from_drive.py->download_from_drive():144]INFO: Done downloading file R51949-OD 09-54-45.662 09-19-19-1.tif
[2023-09-07 17:02:19,910->download_from_drive.py->download_from_drive():147]INFO: Start to send file R51949-OD 09-54-45.662 09-19-19-1.tif to bhjlk02lp.jax.org
[2023-09-07 17:02:20,113->download_from_drive.py->send_to_server():197]INFO: Uploading R51949-OD 09-54-45.662 09-19-19-1.tif
[2023-09-07 17:02:20,145->download_from_drive.py->db_init():24]INFO: Connecting to database . . .
[2023-09-07 17:02:58,553->download_from_drive.py->update_images_status():66]DEBUG: UPDATE KOMP.imagefileuploadstatus SET DateOfUpload='2023-09-07', UploadStatus='Success', Message='File successfully uploaded to server' WHERE _ImageFile_key = 26865;
[2023-09-07 17:02:58,553->download_from_drive.py->send_to_server():209]INFO: Finish uploading R51949-OD 09-54-45.662 09-19-19-1.tif
[2023-09-07 17:02:58,553->download_from_drive.py->DFS():222]DEBUG: C:/Program Files/KOMP/ImageDownload/pictures/JAX_ERG_003\R51949-OD 09-54-45.662 09-19-19-1.tif
[2023-09-07 17:02:58,553->download_from_drive.py->DFS():224]DEBUG: Deleteing C:/Program Files/KOMP/ImageDownload/pictures/JAX_ERG_003\R51949-OD 09-54-45.662 09-19-19-1.tif
[2023-09-07 17:02:58,553->download_from_drive.py->download_from_drive():140]INFO: Starting downloading //bht2stor.jax.org/phenotype/ERG-V2/KOMP/images/R51949-OS 10-06-35.999 09-19-19-1.tif to C:/Program Files/KOMP/ImageDownload/pictures/JAX_ERG_003
[2023-09-07 17:02:58,616->download_from_drive.py->download_from_drive():144]INFO: Done downloading file R51949-OS 10-06-35.999 09-19-19-1.tif
[2023-09-07 17:02:58,616->download_from_drive.py->download_from_drive():147]INFO: Start to send file R51949-OS 10-06-35.999 09-19-19-1.tif to bhjlk02lp.jax.org
[2023-09-07 17:02:58,819->download_from_drive.py->send_to_server():188]INFO: -rw-r--r--   1 99000    1000      1769798 07 Sep 17:01 ?
[2023-09-07 17:02:58,819->download_from_drive.py->send_to_server():189]INFO: File exists in directory JAX_ERG_003
[2023-09-07 17:02:58,819->download_from_drive.py->db_init():24]INFO: Connecting to database . . .
[2023-09-07 17:03:37,662->download_from_drive.py->update_images_status():66]DEBUG: UPDATE KOMP.imagefileuploadstatus SET DateOfUpload='2023-09-07', UploadStatus='Success', Message='File already exits on server' WHERE _ImageFile_key = 26866;
[2023-09-07 17:03:37,662->download_from_drive.py->send_to_server():209]INFO: Finish uploading R51949-OS 10-06-35.999 09-19-19-1.tif
[2023-09-07 17:03:37,662->download_from_drive.py->DFS():222]DEBUG: C:/Program Files/KOMP/ImageDownload/pictures/JAX_ERG_003\R51949-OS 10-06-35.999 09-19-19-1.tif
[2023-09-07 17:03:37,662->download_from_drive.py->DFS():224]DEBUG: Deleteing C:/Program Files/KOMP/ImageDownload/pictures/JAX_ERG_003\R51949-OS 10-06-35.999 09-19-19-1.tif
[2023-09-07 17:03:37,678->download_from_drive.py->download_from_drive():140]INFO: Starting downloading //bht2stor.jax.org/phenotype/ERG-V2/KOMP/images/R51949-OD 09-54-45.662 09-19-19-1.tif to C:/Program Files/KOMP/ImageDownload/pictures/JAX_ERG_003
[2023-09-07 17:03:37,771->download_from_drive.py->download_from_drive():144]INFO: Done downloading file R51949-OD 09-54-45.662 09-19-19-1.tif
[2023-09-07 17:03:37,771->download_from_drive.py->download_from_drive():147]INFO: Start to send file R51949-OD 09-54-45.662 09-19-19-1.tif to bhjlk02lp.jax.org
[2023-09-07 17:03:37,974->download_from_drive.py->send_to_server():188]INFO: -rw-r--r--   1 99000    1000      1769798 07 Sep 17:02 ?
[2023-09-07 17:03:37,974->download_from_drive.py->send_to_server():189]INFO: File exists in directory JAX_ERG_003
[2023-09-07 17:03:37,974->download_from_drive.py->db_init():24]INFO: Connecting to database . . .
[2023-09-07 17:04:17,013->download_from_drive.py->update_images_status():66]DEBUG: UPDATE KOMP.imagefileuploadstatus SET DateOfUpload='2023-09-07', UploadStatus='Success', Message='File already exits on server' WHERE _ImageFile_key = 26867;
[2023-09-07 17:04:17,013->download_from_drive.py->send_to_server():209]INFO: Finish uploading R51949-OD 09-54-45.662 09-19-19-1.tif
[2023-09-07 17:04:17,013->download_from_drive.py->DFS():222]DEBUG: C:/Program Files/KOMP/ImageDownload/pictures/JAX_ERG_003\R51949-OD 09-54-45.662 09-19-19-1.tif
[2023-09-07 17:04:17,013->download_from_drive.py->DFS():224]DEBUG: Deleteing C:/Program Files/KOMP/ImageDownload/pictures/JAX_ERG_003\R51949-OD 09-54-45.662 09-19-19-1.tif
[2023-09-07 17:04:17,028->download_from_drive.py->download_from_drive():140]INFO: Starting downloading //bht2stor.jax.org/phenotype/ERG-V2/KOMP/images/R51943-OS 10-15-24.500 09-19-19-1.tif to C:/Program Files/KOMP/ImageDownload/pictures/JAX_ERG_003
[2023-09-07 17:04:17,469->download_from_drive.py->download_from_drive():144]INFO: Done downloading file R51943-OS 10-15-24.500 09-19-19-1.tif
[2023-09-07 17:04:17,469->download_from_drive.py->download_from_drive():147]INFO: Start to send file R51943-OS 10-15-24.500 09-19-19-1.tif to bhjlk02lp.jax.org
[2023-09-07 17:04:17,687->download_from_drive.py->send_to_server():197]INFO: Uploading R51943-OS 10-15-24.500 09-19-19-1.tif
[2023-09-07 17:04:17,719->download_from_drive.py->db_init():24]INFO: Connecting to database . . .
[2023-09-07 17:04:56,712->download_from_drive.py->update_images_status():66]DEBUG: UPDATE KOMP.imagefileuploadstatus SET DateOfUpload='2023-09-07', UploadStatus='Success', Message='File successfully uploaded to server' WHERE _ImageFile_key = 26868;
[2023-09-07 17:04:56,712->download_from_drive.py->send_to_server():209]INFO: Finish uploading R51943-OS 10-15-24.500 09-19-19-1.tif
[2023-09-07 17:04:56,712->download_from_drive.py->DFS():222]DEBUG: C:/Program Files/KOMP/ImageDownload/pictures/JAX_ERG_003\R51943-OS 10-15-24.500 09-19-19-1.tif
[2023-09-07 17:04:56,712->download_from_drive.py->DFS():224]DEBUG: Deleteing C:/Program Files/KOMP/ImageDownload/pictures/JAX_ERG_003\R51943-OS 10-15-24.500 09-19-19-1.tif
[2023-09-07 17:04:56,712->download_from_drive.py->download_from_drive():140]INFO: Starting downloading //bht2stor.jax.org/phenotype/ERG-V2/KOMP/images/R51943-OS 10-15-24.500 09-19-19-1.tif to C:/Program Files/KOMP/ImageDownload/pictures/JAX_ERG_003
[2023-09-07 17:04:56,837->download_from_drive.py->download_from_drive():144]INFO: Done downloading file R51943-OS 10-15-24.500 09-19-19-1.tif
[2023-09-07 17:04:56,837->download_from_drive.py->download_from_drive():147]INFO: Start to send file R51943-OS 10-15-24.500 09-19-19-1.tif to bhjlk02lp.jax.org
[2023-09-07 17:04:57,290->download_from_drive.py->send_to_server():188]INFO: -rw-r--r--   1 99000    1000      1769798 07 Sep 17:04 ?
[2023-09-07 17:04:57,290->download_from_drive.py->send_to_server():189]INFO: File exists in directory JAX_ERG_003
[2023-09-07 17:04:57,290->download_from_drive.py->db_init():24]INFO: Connecting to database . . .
[2023-09-07 17:05:36,266->download_from_drive.py->update_images_status():66]DEBUG: UPDATE KOMP.imagefileuploadstatus SET DateOfUpload='2023-09-07', UploadStatus='Success', Message='File already exits on server' WHERE _ImageFile_key = 26869;
[2023-09-07 17:05:36,266->download_from_drive.py->send_to_server():209]INFO: Finish uploading R51943-OS 10-15-24.500 09-19-19-1.tif
[2023-09-07 17:05:36,266->download_from_drive.py->DFS():222]DEBUG: C:/Program Files/KOMP/ImageDownload/pictures/JAX_ERG_003\R51943-OS 10-15-24.500 09-19-19-1.tif
[2023-09-07 17:05:36,266->download_from_drive.py->DFS():224]DEBUG: Deleteing C:/Program Files/KOMP/ImageDownload/pictures/JAX_ERG_003\R51943-OS 10-15-24.500 09-19-19-1.tif
[2023-09-07 17:05:36,266->download_from_drive.py->download_from_drive():140]INFO: Starting downloading //bht2stor.jax.org/phenotype/ERG-V2/KOMP/images/R51954-OD 10-20-52.704 09-19-19-1.tif to C:/Program Files/KOMP/ImageDownload/pictures/JAX_ERG_003
[2023-09-07 17:05:36,506->download_from_drive.py->download_from_drive():144]INFO: Done downloading file R51954-OD 10-20-52.704 09-19-19-1.tif
[2023-09-07 17:05:36,506->download_from_drive.py->download_from_drive():147]INFO: Start to send file R51954-OD 10-20-52.704 09-19-19-1.tif to bhjlk02lp.jax.org
[2023-09-07 17:05:36,725->download_from_drive.py->send_to_server():197]INFO: Uploading R51954-OD 10-20-52.704 09-19-19-1.tif
[2023-09-07 17:05:36,756->download_from_drive.py->db_init():24]INFO: Connecting to database . . .
[2023-09-07 17:06:15,630->download_from_drive.py->update_images_status():66]DEBUG: UPDATE KOMP.imagefileuploadstatus SET DateOfUpload='2023-09-07', UploadStatus='Success', Message='File successfully uploaded to server' WHERE _ImageFile_key = 26870;
[2023-09-07 17:06:15,630->download_from_drive.py->send_to_server():209]INFO: Finish uploading R51954-OD 10-20-52.704 09-19-19-1.tif
[2023-09-07 17:06:15,630->download_from_drive.py->DFS():222]DEBUG: C:/Program Files/KOMP/ImageDownload/pictures/JAX_ERG_003\R51954-OD 10-20-52.704 09-19-19-1.tif
[2023-09-07 17:06:15,630->download_from_drive.py->DFS():224]DEBUG: Deleteing C:/Program Files/KOMP/ImageDownload/pictures/JAX_ERG_003\R51954-OD 10-20-52.704 09-19-19-1.tif
[2023-09-07 17:06:15,645->download_from_drive.py->download_from_drive():140]INFO: Starting downloading //bht2stor.jax.org/phenotype/ERG-V2/KOMP/images/R51954-OD 10-20-52.704 09-19-19-1.tif to C:/Program Files/KOMP/ImageDownload/pictures/JAX_ERG_003
[2023-09-07 17:06:15,692->download_from_drive.py->download_from_drive():144]INFO: Done downloading file R51954-OD 10-20-52.704 09-19-19-1.tif
[2023-09-07 17:06:15,692->download_from_drive.py->download_from_drive():147]INFO: Start to send file R51954-OD 10-20-52.704 09-19-19-1.tif to bhjlk02lp.jax.org
[2023-09-07 17:06:15,895->download_from_drive.py->send_to_server():188]INFO: -rw-r--r--   1 99000    1000      1769798 07 Sep 17:05 ?
[2023-09-07 17:06:15,895->download_from_drive.py->send_to_server():189]INFO: File exists in directory JAX_ERG_003
[2023-09-07 17:06:15,895->download_from_drive.py->db_init():24]INFO: Connecting to database . . .
[2023-09-07 17:06:54,580->download_from_drive.py->update_images_status():66]DEBUG: UPDATE KOMP.imagefileuploadstatus SET DateOfUpload='2023-09-07', UploadStatus='Success', Message='File already exits on server' WHERE _ImageFile_key = 26871;
[2023-09-07 17:06:54,580->download_from_drive.py->send_to_server():209]INFO: Finish uploading R51954-OD 10-20-52.704 09-19-19-1.tif
[2023-09-07 17:06:54,580->download_from_drive.py->DFS():222]DEBUG: C:/Program Files/KOMP/ImageDownload/pictures/JAX_ERG_003\R51954-OD 10-20-52.704 09-19-19-1.tif
[2023-09-07 17:06:54,580->download_from_drive.py->DFS():224]DEBUG: Deleteing C:/Program Files/KOMP/ImageDownload/pictures/JAX_ERG_003\R51954-OD 10-20-52.704 09-19-19-1.tif
[2023-09-07 17:06:54,580->download_from_drive.py->download_from_drive():140]INFO: Starting downloading //bht2stor.jax.org/phenotype/ERG-V2/KOMP/images/R51955-OD 10-31-12.177 09-19-19-1.tif to C:/Program Files/KOMP/ImageDownload/pictures/JAX_ERG_003
[2023-09-07 17:06:54,642->download_from_drive.py->download_from_drive():144]INFO: Done downloading file R51955-OD 10-31-12.177 09-19-19-1.tif
[2023-09-07 17:06:54,642->download_from_drive.py->download_from_drive():147]INFO: Start to send file R51955-OD 10-31-12.177 09-19-19-1.tif to bhjlk02lp.jax.org
[2023-09-07 17:06:54,845->download_from_drive.py->send_to_server():197]INFO: Uploading R51955-OD 10-31-12.177 09-19-19-1.tif
[2023-09-07 17:06:54,877->download_from_drive.py->db_init():24]INFO: Connecting to database . . .
[2023-09-07 17:07:34,508->download_from_drive.py->update_images_status():66]DEBUG: UPDATE KOMP.imagefileuploadstatus SET DateOfUpload='2023-09-07', UploadStatus='Success', Message='File successfully uploaded to server' WHERE _ImageFile_key = 26872;
[2023-09-07 17:07:34,523->download_from_drive.py->send_to_server():209]INFO: Finish uploading R51955-OD 10-31-12.177 09-19-19-1.tif
[2023-09-07 17:07:34,523->download_from_drive.py->DFS():222]DEBUG: C:/Program Files/KOMP/ImageDownload/pictures/JAX_ERG_003\R51955-OD 10-31-12.177 09-19-19-1.tif
[2023-09-07 17:07:34,523->download_from_drive.py->DFS():224]DEBUG: Deleteing C:/Program Files/KOMP/ImageDownload/pictures/JAX_ERG_003\R51955-OD 10-31-12.177 09-19-19-1.tif
[2023-09-07 17:07:34,523->download_from_drive.py->download_from_drive():140]INFO: Starting downloading //bht2stor.jax.org/phenotype/ERG-V2/KOMP/images/R51955-OD 10-31-12.177 09-19-19-1.tif to C:/Program Files/KOMP/ImageDownload/pictures/JAX_ERG_003
[2023-09-07 17:07:34,586->download_from_drive.py->download_from_drive():144]INFO: Done downloading file R51955-OD 10-31-12.177 09-19-19-1.tif
[2023-09-07 17:07:34,586->download_from_drive.py->download_from_drive():147]INFO: Start to send file R51955-OD 10-31-12.177 09-19-19-1.tif to bhjlk02lp.jax.org
[2023-09-07 17:07:34,789->download_from_drive.py->send_to_server():188]INFO: -rw-r--r--   1 99000    1000      1769798 07 Sep 17:06 ?
[2023-09-07 17:07:34,789->download_from_drive.py->send_to_server():189]INFO: File exists in directory JAX_ERG_003
[2023-09-07 17:07:34,789->download_from_drive.py->db_init():24]INFO: Connecting to database . . .
[2023-09-07 17:08:13,541->download_from_drive.py->update_images_status():66]DEBUG: UPDATE KOMP.imagefileuploadstatus SET DateOfUpload='2023-09-07', UploadStatus='Success', Message='File already exits on server' WHERE _ImageFile_key = 26873;
[2023-09-07 17:08:13,541->download_from_drive.py->send_to_server():209]INFO: Finish uploading R51955-OD 10-31-12.177 09-19-19-1.tif
[2023-09-07 17:08:13,541->download_from_drive.py->DFS():222]DEBUG: C:/Program Files/KOMP/ImageDownload/pictures/JAX_ERG_003\R51955-OD 10-31-12.177 09-19-19-1.tif
[2023-09-07 17:08:13,541->download_from_drive.py->DFS():224]DEBUG: Deleteing C:/Program Files/KOMP/ImageDownload/pictures/JAX_ERG_003\R51955-OD 10-31-12.177 09-19-19-1.tif
[2023-09-07 17:08:13,556->download_from_drive.py->download_from_drive():140]INFO: Starting downloading //bht2stor.jax.org/phenotype/ERG-V2/KOMP/images/R97412-OD 08-30-27.859 03-18-20-1.tif to C:/Program Files/KOMP/ImageDownload/pictures/JAX_ERG_003
[2023-09-07 17:08:13,713->download_from_drive.py->download_from_drive():144]INFO: Done downloading file R97412-OD 08-30-27.859 03-18-20-1.tif
[2023-09-07 17:08:13,713->download_from_drive.py->download_from_drive():147]INFO: Start to send file R97412-OD 08-30-27.859 03-18-20-1.tif to bhjlk02lp.jax.org
[2023-09-07 17:08:13,916->download_from_drive.py->send_to_server():197]INFO: Uploading R97412-OD 08-30-27.859 03-18-20-1.tif
[2023-09-07 17:08:13,931->download_from_drive.py->db_init():24]INFO: Connecting to database . . .
[2023-09-07 17:08:52,376->download_from_drive.py->update_images_status():66]DEBUG: UPDATE KOMP.imagefileuploadstatus SET DateOfUpload='2023-09-07', UploadStatus='Success', Message='File successfully uploaded to server' WHERE _ImageFile_key = 26874;
[2023-09-07 17:08:52,376->download_from_drive.py->send_to_server():209]INFO: Finish uploading R97412-OD 08-30-27.859 03-18-20-1.tif
[2023-09-07 17:08:52,376->download_from_drive.py->DFS():222]DEBUG: C:/Program Files/KOMP/ImageDownload/pictures/JAX_ERG_003\R97412-OD 08-30-27.859 03-18-20-1.tif
[2023-09-07 17:08:52,376->download_from_drive.py->DFS():224]DEBUG: Deleteing C:/Program Files/KOMP/ImageDownload/pictures/JAX_ERG_003\R97412-OD 08-30-27.859 03-18-20-1.tif
[2023-09-07 17:08:52,376->download_from_drive.py->download_from_drive():140]INFO: Starting downloading //bht2stor.jax.org/phenotype/ERG-V2/KOMP/images/R97412-OS 08-32-47.378 03-18-20-1.tif to C:/Program Files/KOMP/ImageDownload/pictures/JAX_ERG_003
[2023-09-07 17:08:52,548->download_from_drive.py->download_from_drive():144]INFO: Done downloading file R97412-OS 08-32-47.378 03-18-20-1.tif
[2023-09-07 17:08:52,548->download_from_drive.py->download_from_drive():147]INFO: Start to send file R97412-OS 08-32-47.378 03-18-20-1.tif to bhjlk02lp.jax.org
[2023-09-07 17:08:52,751->download_from_drive.py->send_to_server():197]INFO: Uploading R97412-OS 08-32-47.378 03-18-20-1.tif
[2023-09-07 17:08:52,783->download_from_drive.py->db_init():24]INFO: Connecting to database . . .
[2023-09-07 17:09:30,913->download_from_drive.py->update_images_status():66]DEBUG: UPDATE KOMP.imagefileuploadstatus SET DateOfUpload='2023-09-07', UploadStatus='Success', Message='File successfully uploaded to server' WHERE _ImageFile_key = 26875;
[2023-09-07 17:09:30,928->download_from_drive.py->send_to_server():209]INFO: Finish uploading R97412-OS 08-32-47.378 03-18-20-1.tif
[2023-09-07 17:09:30,928->download_from_drive.py->DFS():222]DEBUG: C:/Program Files/KOMP/ImageDownload/pictures/JAX_ERG_003\R97412-OS 08-32-47.378 03-18-20-1.tif
[2023-09-07 17:09:30,928->download_from_drive.py->DFS():224]DEBUG: Deleteing C:/Program Files/KOMP/ImageDownload/pictures/JAX_ERG_003\R97412-OS 08-32-47.378 03-18-20-1.tif
[2023-09-07 17:09:30,928->download_from_drive.py->download_from_drive():140]INFO: Starting downloading //bht2stor.jax.org/phenotype/ERG-V2/KOMP/images/R97413-OS 08-46-05.417 03-18-20-1.tif to C:/Program Files/KOMP/ImageDownload/pictures/JAX_ERG_003
[2023-09-07 17:09:30,991->download_from_drive.py->download_from_drive():144]INFO: Done downloading file R97413-OS 08-46-05.417 03-18-20-1.tif
[2023-09-07 17:09:30,991->download_from_drive.py->download_from_drive():147]INFO: Start to send file R97413-OS 08-46-05.417 03-18-20-1.tif to bhjlk02lp.jax.org
[2023-09-07 17:09:31,241->download_from_drive.py->send_to_server():197]INFO: Uploading R97413-OS 08-46-05.417 03-18-20-1.tif
[2023-09-07 17:09:31,288->download_from_drive.py->db_init():24]INFO: Connecting to database . . .
[2023-09-07 17:10:09,590->download_from_drive.py->update_images_status():66]DEBUG: UPDATE KOMP.imagefileuploadstatus SET DateOfUpload='2023-09-07', UploadStatus='Success', Message='File successfully uploaded to server' WHERE _ImageFile_key = 26876;
[2023-09-07 17:10:09,590->download_from_drive.py->send_to_server():209]INFO: Finish uploading R97413-OS 08-46-05.417 03-18-20-1.tif
[2023-09-07 17:10:09,606->download_from_drive.py->DFS():222]DEBUG: C:/Program Files/KOMP/ImageDownload/pictures/JAX_ERG_003\R97413-OS 08-46-05.417 03-18-20-1.tif
[2023-09-07 17:10:09,606->download_from_drive.py->DFS():224]DEBUG: Deleteing C:/Program Files/KOMP/ImageDownload/pictures/JAX_ERG_003\R97413-OS 08-46-05.417 03-18-20-1.tif
[2023-09-07 17:10:09,606->download_from_drive.py->download_from_drive():140]INFO: Starting downloading //bht2stor.jax.org/phenotype/ERG-V2/KOMP/images/R97413-OD 08-35-52.928 03-18-20-1.tif to C:/Program Files/KOMP/ImageDownload/pictures/JAX_ERG_003
[2023-09-07 17:10:10,121->download_from_drive.py->download_from_drive():144]INFO: Done downloading file R97413-OD 08-35-52.928 03-18-20-1.tif
[2023-09-07 17:10:10,121->download_from_drive.py->download_from_drive():147]INFO: Start to send file R97413-OD 08-35-52.928 03-18-20-1.tif to bhjlk02lp.jax.org
[2023-09-07 17:10:10,325->download_from_drive.py->send_to_server():197]INFO: Uploading R97413-OD 08-35-52.928 03-18-20-1.tif
[2023-09-07 17:10:10,356->download_from_drive.py->db_init():24]INFO: Connecting to database . . .
[2023-09-07 17:10:49,727->download_from_drive.py->update_images_status():66]DEBUG: UPDATE KOMP.imagefileuploadstatus SET DateOfUpload='2023-09-07', UploadStatus='Success', Message='File successfully uploaded to server' WHERE _ImageFile_key = 26877;
[2023-09-07 17:10:49,727->download_from_drive.py->send_to_server():209]INFO: Finish uploading R97413-OD 08-35-52.928 03-18-20-1.tif
[2023-09-07 17:10:49,727->download_from_drive.py->DFS():222]DEBUG: C:/Program Files/KOMP/ImageDownload/pictures/JAX_ERG_003\R97413-OD 08-35-52.928 03-18-20-1.tif
[2023-09-07 17:10:49,727->download_from_drive.py->DFS():224]DEBUG: Deleteing C:/Program Files/KOMP/ImageDownload/pictures/JAX_ERG_003\R97413-OD 08-35-52.928 03-18-20-1.tif
[2023-09-07 17:10:49,727->download_from_drive.py->download_from_drive():140]INFO: Starting downloading //bht2stor.jax.org/phenotype/ERG-V2/KOMP/images/R96779-OS 10-09-41.613 03-26-20-1.tif to C:/Program Files/KOMP/ImageDownload/pictures/JAX_ERG_003
[2023-09-07 17:10:49,993->download_from_drive.py->download_from_drive():144]INFO: Done downloading file R96779-OS 10-09-41.613 03-26-20-1.tif
[2023-09-07 17:10:49,993->download_from_drive.py->download_from_drive():147]INFO: Start to send file R96779-OS 10-09-41.613 03-26-20-1.tif to bhjlk02lp.jax.org
[2023-09-07 17:10:50,196->download_from_drive.py->send_to_server():197]INFO: Uploading R96779-OS 10-09-41.613 03-26-20-1.tif
[2023-09-07 17:10:50,227->download_from_drive.py->db_init():24]INFO: Connecting to database . . .
[2023-09-07 17:11:29,502->download_from_drive.py->update_images_status():66]DEBUG: UPDATE KOMP.imagefileuploadstatus SET DateOfUpload='2023-09-07', UploadStatus='Success', Message='File successfully uploaded to server' WHERE _ImageFile_key = 26878;
[2023-09-07 17:11:29,502->download_from_drive.py->send_to_server():209]INFO: Finish uploading R96779-OS 10-09-41.613 03-26-20-1.tif
[2023-09-07 17:11:29,502->download_from_drive.py->DFS():222]DEBUG: C:/Program Files/KOMP/ImageDownload/pictures/JAX_ERG_003\R96779-OS 10-09-41.613 03-26-20-1.tif
[2023-09-07 17:11:29,502->download_from_drive.py->DFS():224]DEBUG: Deleteing C:/Program Files/KOMP/ImageDownload/pictures/JAX_ERG_003\R96779-OS 10-09-41.613 03-26-20-1.tif
[2023-09-07 17:11:29,517->download_from_drive.py->download_from_drive():140]INFO: Starting downloading //bht2stor.jax.org/phenotype/ERG-V2/KOMP/images/R96779-OD 10-00-30.855 03-26-20-1.tif to C:/Program Files/KOMP/ImageDownload/pictures/JAX_ERG_003
[2023-09-07 17:11:29,564->download_from_drive.py->download_from_drive():144]INFO: Done downloading file R96779-OD 10-00-30.855 03-26-20-1.tif
[2023-09-07 17:11:29,564->download_from_drive.py->download_from_drive():147]INFO: Start to send file R96779-OD 10-00-30.855 03-26-20-1.tif to bhjlk02lp.jax.org
[2023-09-07 17:11:29,798->download_from_drive.py->send_to_server():197]INFO: Uploading R96779-OD 10-00-30.855 03-26-20-1.tif
[2023-09-07 17:11:29,830->download_from_drive.py->db_init():24]INFO: Connecting to database . . .
[2023-09-07 17:12:08,873->download_from_drive.py->update_images_status():66]DEBUG: UPDATE KOMP.imagefileuploadstatus SET DateOfUpload='2023-09-07', UploadStatus='Success', Message='File successfully uploaded to server' WHERE _ImageFile_key = 26879;
[2023-09-07 17:12:08,873->download_from_drive.py->send_to_server():209]INFO: Finish uploading R96779-OD 10-00-30.855 03-26-20-1.tif
[2023-09-07 17:12:08,873->download_from_drive.py->DFS():222]DEBUG: C:/Program Files/KOMP/ImageDownload/pictures/JAX_ERG_003\R96779-OD 10-00-30.855 03-26-20-1.tif
[2023-09-07 17:12:08,873->download_from_drive.py->DFS():224]DEBUG: Deleteing C:/Program Files/KOMP/ImageDownload/pictures/JAX_ERG_003\R96779-OD 10-00-30.855 03-26-20-1.tif
[2023-09-07 17:12:08,873->download_from_drive.py->download_from_drive():140]INFO: Starting downloading //bht2stor.jax.org/phenotype/ERG-V2/KOMP/images/R96780-OS 10-24-13.153 03-26-20-1.tif to C:/Program Files/KOMP/ImageDownload/pictures/JAX_ERG_003
[2023-09-07 17:12:08,998->download_from_drive.py->download_from_drive():144]INFO: Done downloading file R96780-OS 10-24-13.153 03-26-20-1.tif
[2023-09-07 17:12:08,998->download_from_drive.py->download_from_drive():147]INFO: Start to send file R96780-OS 10-24-13.153 03-26-20-1.tif to bhjlk02lp.jax.org
[2023-09-07 17:12:09,201->download_from_drive.py->send_to_server():197]INFO: Uploading R96780-OS 10-24-13.153 03-26-20-1.tif
[2023-09-07 17:12:09,232->download_from_drive.py->db_init():24]INFO: Connecting to database . . .
[2023-09-07 17:12:48,529->download_from_drive.py->update_images_status():66]DEBUG: UPDATE KOMP.imagefileuploadstatus SET DateOfUpload='2023-09-07', UploadStatus='Success', Message='File successfully uploaded to server' WHERE _ImageFile_key = 26880;
[2023-09-07 17:12:48,545->download_from_drive.py->send_to_server():209]INFO: Finish uploading R96780-OS 10-24-13.153 03-26-20-1.tif
[2023-09-07 17:12:48,545->download_from_drive.py->DFS():222]DEBUG: C:/Program Files/KOMP/ImageDownload/pictures/JAX_ERG_003\R96780-OS 10-24-13.153 03-26-20-1.tif
[2023-09-07 17:12:48,545->download_from_drive.py->DFS():224]DEBUG: Deleteing C:/Program Files/KOMP/ImageDownload/pictures/JAX_ERG_003\R96780-OS 10-24-13.153 03-26-20-1.tif
[2023-09-07 17:12:48,545->download_from_drive.py->download_from_drive():140]INFO: Starting downloading //bht2stor.jax.org/phenotype/ERG-V2/KOMP/images/R96780-OD 10-12-59.188 03-26-20-1.tif to C:/Program Files/KOMP/ImageDownload/pictures/JAX_ERG_003
[2023-09-07 17:12:48,810->download_from_drive.py->download_from_drive():144]INFO: Done downloading file R96780-OD 10-12-59.188 03-26-20-1.tif
[2023-09-07 17:12:48,810->download_from_drive.py->download_from_drive():147]INFO: Start to send file R96780-OD 10-12-59.188 03-26-20-1.tif to bhjlk02lp.jax.org
[2023-09-07 17:12:49,014->download_from_drive.py->send_to_server():197]INFO: Uploading R96780-OD 10-12-59.188 03-26-20-1.tif
[2023-09-07 17:12:49,045->download_from_drive.py->db_init():24]INFO: Connecting to database . . .
[2023-09-07 17:13:27,579->download_from_drive.py->update_images_status():66]DEBUG: UPDATE KOMP.imagefileuploadstatus SET DateOfUpload='2023-09-07', UploadStatus='Success', Message='File successfully uploaded to server' WHERE _ImageFile_key = 26881;
[2023-09-07 17:13:27,579->download_from_drive.py->send_to_server():209]INFO: Finish uploading R96780-OD 10-12-59.188 03-26-20-1.tif
[2023-09-07 17:13:27,579->download_from_drive.py->DFS():222]DEBUG: C:/Program Files/KOMP/ImageDownload/pictures/JAX_ERG_003\R96780-OD 10-12-59.188 03-26-20-1.tif
[2023-09-07 17:13:27,579->download_from_drive.py->DFS():224]DEBUG: Deleteing C:/Program Files/KOMP/ImageDownload/pictures/JAX_ERG_003\R96780-OD 10-12-59.188 03-26-20-1.tif
[2023-09-07 17:13:27,579->download_from_drive.py->download_from_drive():140]INFO: Starting downloading //bht2stor.jax.org/phenotype/ERG-V2/KOMP/images/D4567-OD 10-30-21.716 04-21-20-1.tif to C:/Program Files/KOMP/ImageDownload/pictures/JAX_ERG_003
[2023-09-07 17:13:27,657->download_from_drive.py->download_from_drive():144]INFO: Done downloading file D4567-OD 10-30-21.716 04-21-20-1.tif
[2023-09-07 17:13:27,657->download_from_drive.py->download_from_drive():147]INFO: Start to send file D4567-OD 10-30-21.716 04-21-20-1.tif to bhjlk02lp.jax.org
[2023-09-07 17:13:27,876->download_from_drive.py->send_to_server():197]INFO: Uploading D4567-OD 10-30-21.716 04-21-20-1.tif
[2023-09-07 17:13:27,907->download_from_drive.py->db_init():24]INFO: Connecting to database . . .
[2023-09-07 17:14:06,907->download_from_drive.py->update_images_status():66]DEBUG: UPDATE KOMP.imagefileuploadstatus SET DateOfUpload='2023-09-07', UploadStatus='Success', Message='File successfully uploaded to server' WHERE _ImageFile_key = 26882;
[2023-09-07 17:14:06,907->download_from_drive.py->send_to_server():209]INFO: Finish uploading D4567-OD 10-30-21.716 04-21-20-1.tif
[2023-09-07 17:14:06,923->download_from_drive.py->DFS():222]DEBUG: C:/Program Files/KOMP/ImageDownload/pictures/JAX_ERG_003\D4567-OD 10-30-21.716 04-21-20-1.tif
[2023-09-07 17:14:06,923->download_from_drive.py->DFS():224]DEBUG: Deleteing C:/Program Files/KOMP/ImageDownload/pictures/JAX_ERG_003\D4567-OD 10-30-21.716 04-21-20-1.tif
[2023-09-07 17:14:06,923->download_from_drive.py->download_from_drive():140]INFO: Starting downloading //bht2stor.jax.org/phenotype/ERG-V2/KOMP/images/D4567-OS 10-42-08.806 04-21-20-1.tif to C:/Program Files/KOMP/ImageDownload/pictures/JAX_ERG_003
[2023-09-07 17:14:07,189->download_from_drive.py->download_from_drive():144]INFO: Done downloading file D4567-OS 10-42-08.806 04-21-20-1.tif
[2023-09-07 17:14:07,189->download_from_drive.py->download_from_drive():147]INFO: Start to send file D4567-OS 10-42-08.806 04-21-20-1.tif to bhjlk02lp.jax.org
[2023-09-07 17:14:07,392->download_from_drive.py->send_to_server():197]INFO: Uploading D4567-OS 10-42-08.806 04-21-20-1.tif
[2023-09-07 17:14:07,407->download_from_drive.py->db_init():24]INFO: Connecting to database . . .
[2023-09-07 17:14:45,749->download_from_drive.py->update_images_status():66]DEBUG: UPDATE KOMP.imagefileuploadstatus SET DateOfUpload='2023-09-07', UploadStatus='Success', Message='File successfully uploaded to server' WHERE _ImageFile_key = 26883;
[2023-09-07 17:14:45,765->download_from_drive.py->send_to_server():209]INFO: Finish uploading D4567-OS 10-42-08.806 04-21-20-1.tif
[2023-09-07 17:14:45,765->download_from_drive.py->DFS():222]DEBUG: C:/Program Files/KOMP/ImageDownload/pictures/JAX_ERG_003\D4567-OS 10-42-08.806 04-21-20-1.tif
[2023-09-07 17:14:45,765->download_from_drive.py->DFS():224]DEBUG: Deleteing C:/Program Files/KOMP/ImageDownload/pictures/JAX_ERG_003\D4567-OS 10-42-08.806 04-21-20-1.tif
[2023-09-07 17:14:45,765->download_from_drive.py->download_from_drive():140]INFO: Starting downloading //bht2stor.jax.org/phenotype/ERG-V2/KOMP/images/D4568-OS 10-58-37.275 04-21-20-1.tif to C:/Program Files/KOMP/ImageDownload/pictures/JAX_ERG_003
[2023-09-07 17:14:45,843->download_from_drive.py->download_from_drive():144]INFO: Done downloading file D4568-OS 10-58-37.275 04-21-20-1.tif
[2023-09-07 17:14:45,859->download_from_drive.py->download_from_drive():147]INFO: Start to send file D4568-OS 10-58-37.275 04-21-20-1.tif to bhjlk02lp.jax.org
[2023-09-07 17:14:46,051->download_from_drive.py->send_to_server():197]INFO: Uploading D4568-OS 10-58-37.275 04-21-20-1.tif
[2023-09-07 17:14:46,082->download_from_drive.py->db_init():24]INFO: Connecting to database . . .
[2023-09-07 17:15:25,792->download_from_drive.py->update_images_status():66]DEBUG: UPDATE KOMP.imagefileuploadstatus SET DateOfUpload='2023-09-07', UploadStatus='Success', Message='File successfully uploaded to server' WHERE _ImageFile_key = 26884;
[2023-09-07 17:15:25,792->download_from_drive.py->send_to_server():209]INFO: Finish uploading D4568-OS 10-58-37.275 04-21-20-1.tif
[2023-09-07 17:15:25,792->download_from_drive.py->DFS():222]DEBUG: C:/Program Files/KOMP/ImageDownload/pictures/JAX_ERG_003\D4568-OS 10-58-37.275 04-21-20-1.tif
[2023-09-07 17:15:25,792->download_from_drive.py->DFS():224]DEBUG: Deleteing C:/Program Files/KOMP/ImageDownload/pictures/JAX_ERG_003\D4568-OS 10-58-37.275 04-21-20-1.tif
[2023-09-07 17:15:25,792->download_from_drive.py->download_from_drive():140]INFO: Starting downloading //bht2stor.jax.org/phenotype/ERG-V2/KOMP/images/D4568-OD 10-44-26.976 04-21-20-1.tif to C:/Program Files/KOMP/ImageDownload/pictures/JAX_ERG_003
[2023-09-07 17:15:26,058->download_from_drive.py->download_from_drive():144]INFO: Done downloading file D4568-OD 10-44-26.976 04-21-20-1.tif
[2023-09-07 17:15:26,058->download_from_drive.py->download_from_drive():147]INFO: Start to send file D4568-OD 10-44-26.976 04-21-20-1.tif to bhjlk02lp.jax.org
[2023-09-07 17:15:26,261->download_from_drive.py->send_to_server():197]INFO: Uploading D4568-OD 10-44-26.976 04-21-20-1.tif
[2023-09-07 17:15:26,292->download_from_drive.py->db_init():24]INFO: Connecting to database . . .
[2023-09-07 17:16:05,403->download_from_drive.py->update_images_status():66]DEBUG: UPDATE KOMP.imagefileuploadstatus SET DateOfUpload='2023-09-07', UploadStatus='Success', Message='File successfully uploaded to server' WHERE _ImageFile_key = 26885;
[2023-09-07 17:16:05,419->download_from_drive.py->send_to_server():209]INFO: Finish uploading D4568-OD 10-44-26.976 04-21-20-1.tif
[2023-09-07 17:16:05,419->download_from_drive.py->DFS():222]DEBUG: C:/Program Files/KOMP/ImageDownload/pictures/JAX_ERG_003\D4568-OD 10-44-26.976 04-21-20-1.tif
[2023-09-07 17:16:05,419->download_from_drive.py->DFS():224]DEBUG: Deleteing C:/Program Files/KOMP/ImageDownload/pictures/JAX_ERG_003\D4568-OD 10-44-26.976 04-21-20-1.tif
[2023-09-07 17:16:05,419->download_from_drive.py->download_from_drive():140]INFO: Starting downloading //bht2stor.jax.org/phenotype/ERG-V2/KOMP/images/D4889-OD 12-31-38.240 05-12-20-1.tif to C:/Program Files/KOMP/ImageDownload/pictures/JAX_ERG_003
[2023-09-07 17:16:05,482->download_from_drive.py->download_from_drive():144]INFO: Done downloading file D4889-OD 12-31-38.240 05-12-20-1.tif
[2023-09-07 17:16:05,482->download_from_drive.py->download_from_drive():147]INFO: Start to send file D4889-OD 12-31-38.240 05-12-20-1.tif to bhjlk02lp.jax.org
[2023-09-07 17:16:05,685->download_from_drive.py->send_to_server():197]INFO: Uploading D4889-OD 12-31-38.240 05-12-20-1.tif
[2023-09-07 17:16:05,716->download_from_drive.py->db_init():24]INFO: Connecting to database . . .
[2023-09-07 17:16:45,316->download_from_drive.py->update_images_status():66]DEBUG: UPDATE KOMP.imagefileuploadstatus SET DateOfUpload='2023-09-07', UploadStatus='Success', Message='File successfully uploaded to server' WHERE _ImageFile_key = 26886;
[2023-09-07 17:16:45,332->download_from_drive.py->send_to_server():209]INFO: Finish uploading D4889-OD 12-31-38.240 05-12-20-1.tif
[2023-09-07 17:16:45,332->download_from_drive.py->DFS():222]DEBUG: C:/Program Files/KOMP/ImageDownload/pictures/JAX_ERG_003\D4889-OD 12-31-38.240 05-12-20-1.tif
[2023-09-07 17:16:45,332->download_from_drive.py->DFS():224]DEBUG: Deleteing C:/Program Files/KOMP/ImageDownload/pictures/JAX_ERG_003\D4889-OD 12-31-38.240 05-12-20-1.tif
[2023-09-07 17:16:45,332->download_from_drive.py->download_from_drive():140]INFO: Starting downloading //bht2stor.jax.org/phenotype/ERG-V2/KOMP/images/D4889-OS 12-31-56.227 05-12-20-1.tif to C:/Program Files/KOMP/ImageDownload/pictures/JAX_ERG_003
[2023-09-07 17:16:45,426->download_from_drive.py->download_from_drive():144]INFO: Done downloading file D4889-OS 12-31-56.227 05-12-20-1.tif
[2023-09-07 17:16:45,426->download_from_drive.py->download_from_drive():147]INFO: Start to send file D4889-OS 12-31-56.227 05-12-20-1.tif to bhjlk02lp.jax.org
[2023-09-07 17:16:45,644->download_from_drive.py->send_to_server():197]INFO: Uploading D4889-OS 12-31-56.227 05-12-20-1.tif
[2023-09-07 17:16:45,676->download_from_drive.py->db_init():24]INFO: Connecting to database . . .
[2023-09-07 17:17:25,489->download_from_drive.py->update_images_status():66]DEBUG: UPDATE KOMP.imagefileuploadstatus SET DateOfUpload='2023-09-07', UploadStatus='Success', Message='File successfully uploaded to server' WHERE _ImageFile_key = 26887;
[2023-09-07 17:17:25,505->download_from_drive.py->send_to_server():209]INFO: Finish uploading D4889-OS 12-31-56.227 05-12-20-1.tif
[2023-09-07 17:17:25,505->download_from_drive.py->DFS():222]DEBUG: C:/Program Files/KOMP/ImageDownload/pictures/JAX_ERG_003\D4889-OS 12-31-56.227 05-12-20-1.tif
[2023-09-07 17:17:25,505->download_from_drive.py->DFS():224]DEBUG: Deleteing C:/Program Files/KOMP/ImageDownload/pictures/JAX_ERG_003\D4889-OS 12-31-56.227 05-12-20-1.tif
[2023-09-07 17:17:25,505->download_from_drive.py->download_from_drive():140]INFO: Starting downloading //bht2stor.jax.org/phenotype/ERG-V2/KOMP/images/D4890-OS 12-48-27.611 05-12-20-1.tif to C:/Program Files/KOMP/ImageDownload/pictures/JAX_ERG_003
[2023-09-07 17:17:25,661->download_from_drive.py->download_from_drive():144]INFO: Done downloading file D4890-OS 12-48-27.611 05-12-20-1.tif
[2023-09-07 17:17:25,661->download_from_drive.py->download_from_drive():147]INFO: Start to send file D4890-OS 12-48-27.611 05-12-20-1.tif to bhjlk02lp.jax.org
[2023-09-07 17:17:25,864->download_from_drive.py->send_to_server():197]INFO: Uploading D4890-OS 12-48-27.611 05-12-20-1.tif
[2023-09-07 17:17:25,880->download_from_drive.py->db_init():24]INFO: Connecting to database . . .
[2023-09-07 17:18:06,723->download_from_drive.py->update_images_status():66]DEBUG: UPDATE KOMP.imagefileuploadstatus SET DateOfUpload='2023-09-07', UploadStatus='Success', Message='File successfully uploaded to server' WHERE _ImageFile_key = 26888;
[2023-09-07 17:18:06,723->download_from_drive.py->send_to_server():209]INFO: Finish uploading D4890-OS 12-48-27.611 05-12-20-1.tif
[2023-09-07 17:18:06,723->download_from_drive.py->DFS():222]DEBUG: C:/Program Files/KOMP/ImageDownload/pictures/JAX_ERG_003\D4890-OS 12-48-27.611 05-12-20-1.tif
[2023-09-07 17:18:06,723->download_from_drive.py->DFS():224]DEBUG: Deleteing C:/Program Files/KOMP/ImageDownload/pictures/JAX_ERG_003\D4890-OS 12-48-27.611 05-12-20-1.tif
[2023-09-07 17:18:06,723->download_from_drive.py->download_from_drive():140]INFO: Starting downloading //bht2stor.jax.org/phenotype/ERG-V2/KOMP/images/D4890-OD 12-48-09.390 05-12-20-1.tif to C:/Program Files/KOMP/ImageDownload/pictures/JAX_ERG_003
[2023-09-07 17:18:06,879->download_from_drive.py->download_from_drive():144]INFO: Done downloading file D4890-OD 12-48-09.390 05-12-20-1.tif
[2023-09-07 17:18:06,879->download_from_drive.py->download_from_drive():147]INFO: Start to send file D4890-OD 12-48-09.390 05-12-20-1.tif to bhjlk02lp.jax.org
[2023-09-07 17:18:07,082->download_from_drive.py->send_to_server():197]INFO: Uploading D4890-OD 12-48-09.390 05-12-20-1.tif
[2023-09-07 17:18:07,114->download_from_drive.py->db_init():24]INFO: Connecting to database . . .
[2023-09-07 17:18:46,140->download_from_drive.py->update_images_status():66]DEBUG: UPDATE KOMP.imagefileuploadstatus SET DateOfUpload='2023-09-07', UploadStatus='Success', Message='File successfully uploaded to server' WHERE _ImageFile_key = 26889;
[2023-09-07 17:18:46,140->download_from_drive.py->send_to_server():209]INFO: Finish uploading D4890-OD 12-48-09.390 05-12-20-1.tif
[2023-09-07 17:18:46,140->download_from_drive.py->DFS():222]DEBUG: C:/Program Files/KOMP/ImageDownload/pictures/JAX_ERG_003\D4890-OD 12-48-09.390 05-12-20-1.tif
[2023-09-07 17:18:46,140->download_from_drive.py->DFS():224]DEBUG: Deleteing C:/Program Files/KOMP/ImageDownload/pictures/JAX_ERG_003\D4890-OD 12-48-09.390 05-12-20-1.tif
[2023-09-07 17:18:46,140->download_from_drive.py->download_from_drive():140]INFO: Starting downloading //bht2stor.jax.org/phenotype/ERG-V2/KOMP/images/D4891-OS 13-05-12.894 05-12-20-1.tif to C:/Program Files/KOMP/ImageDownload/pictures/JAX_ERG_003
[2023-09-07 17:18:46,250->download_from_drive.py->download_from_drive():144]INFO: Done downloading file D4891-OS 13-05-12.894 05-12-20-1.tif
[2023-09-07 17:18:46,250->download_from_drive.py->download_from_drive():147]INFO: Start to send file D4891-OS 13-05-12.894 05-12-20-1.tif to bhjlk02lp.jax.org
[2023-09-07 17:18:46,453->download_from_drive.py->send_to_server():197]INFO: Uploading D4891-OS 13-05-12.894 05-12-20-1.tif
[2023-09-07 17:18:46,484->download_from_drive.py->db_init():24]INFO: Connecting to database . . .
[2023-09-07 17:19:25,973->download_from_drive.py->update_images_status():66]DEBUG: UPDATE KOMP.imagefileuploadstatus SET DateOfUpload='2023-09-07', UploadStatus='Success', Message='File successfully uploaded to server' WHERE _ImageFile_key = 26890;
[2023-09-07 17:19:25,973->download_from_drive.py->send_to_server():209]INFO: Finish uploading D4891-OS 13-05-12.894 05-12-20-1.tif
[2023-09-07 17:19:25,973->download_from_drive.py->DFS():222]DEBUG: C:/Program Files/KOMP/ImageDownload/pictures/JAX_ERG_003\D4891-OS 13-05-12.894 05-12-20-1.tif
[2023-09-07 17:19:25,973->download_from_drive.py->DFS():224]DEBUG: Deleteing C:/Program Files/KOMP/ImageDownload/pictures/JAX_ERG_003\D4891-OS 13-05-12.894 05-12-20-1.tif
[2023-09-07 17:19:25,973->download_from_drive.py->download_from_drive():140]INFO: Starting downloading //bht2stor.jax.org/phenotype/ERG-V2/KOMP/images/D4891-OD 12-56-23.357 05-12-20-1.tif to C:/Program Files/KOMP/ImageDownload/pictures/JAX_ERG_003
[2023-09-07 17:19:26,052->download_from_drive.py->download_from_drive():144]INFO: Done downloading file D4891-OD 12-56-23.357 05-12-20-1.tif
[2023-09-07 17:19:26,052->download_from_drive.py->download_from_drive():147]INFO: Start to send file D4891-OD 12-56-23.357 05-12-20-1.tif to bhjlk02lp.jax.org
[2023-09-07 17:19:26,255->download_from_drive.py->send_to_server():197]INFO: Uploading D4891-OD 12-56-23.357 05-12-20-1.tif
[2023-09-07 17:19:26,270->download_from_drive.py->db_init():24]INFO: Connecting to database . . .
[2023-09-07 17:20:05,344->download_from_drive.py->update_images_status():66]DEBUG: UPDATE KOMP.imagefileuploadstatus SET DateOfUpload='2023-09-07', UploadStatus='Success', Message='File successfully uploaded to server' WHERE _ImageFile_key = 26891;
[2023-09-07 17:20:05,360->download_from_drive.py->send_to_server():209]INFO: Finish uploading D4891-OD 12-56-23.357 05-12-20-1.tif
[2023-09-07 17:20:05,360->download_from_drive.py->DFS():222]DEBUG: C:/Program Files/KOMP/ImageDownload/pictures/JAX_ERG_003\D4891-OD 12-56-23.357 05-12-20-1.tif
[2023-09-07 17:20:05,360->download_from_drive.py->DFS():224]DEBUG: Deleteing C:/Program Files/KOMP/ImageDownload/pictures/JAX_ERG_003\D4891-OD 12-56-23.357 05-12-20-1.tif
[2023-09-07 17:20:05,360->download_from_drive.py->download_from_drive():140]INFO: Starting downloading //bht2stor.jax.org/phenotype/ERG-V2/KOMP/images/D4892-OD 13-10-39.830 05-12-20-1.tif to C:/Program Files/KOMP/ImageDownload/pictures/JAX_ERG_003
[2023-09-07 17:20:05,438->download_from_drive.py->download_from_drive():144]INFO: Done downloading file D4892-OD 13-10-39.830 05-12-20-1.tif
[2023-09-07 17:20:05,438->download_from_drive.py->download_from_drive():147]INFO: Start to send file D4892-OD 13-10-39.830 05-12-20-1.tif to bhjlk02lp.jax.org
[2023-09-07 17:20:05,641->download_from_drive.py->send_to_server():197]INFO: Uploading D4892-OD 13-10-39.830 05-12-20-1.tif
[2023-09-07 17:20:05,672->download_from_drive.py->db_init():24]INFO: Connecting to database . . .
[2023-09-07 17:20:44,493->download_from_drive.py->update_images_status():66]DEBUG: UPDATE KOMP.imagefileuploadstatus SET DateOfUpload='2023-09-07', UploadStatus='Success', Message='File successfully uploaded to server' WHERE _ImageFile_key = 26892;
[2023-09-07 17:20:44,508->download_from_drive.py->send_to_server():209]INFO: Finish uploading D4892-OD 13-10-39.830 05-12-20-1.tif
[2023-09-07 17:20:44,508->download_from_drive.py->DFS():222]DEBUG: C:/Program Files/KOMP/ImageDownload/pictures/JAX_ERG_003\D4892-OD 13-10-39.830 05-12-20-1.tif
[2023-09-07 17:20:44,508->download_from_drive.py->DFS():224]DEBUG: Deleteing C:/Program Files/KOMP/ImageDownload/pictures/JAX_ERG_003\D4892-OD 13-10-39.830 05-12-20-1.tif
[2023-09-07 17:20:44,508->download_from_drive.py->download_from_drive():140]INFO: Starting downloading //bht2stor.jax.org/phenotype/ERG-V2/KOMP/images/D4892-OS 13-24-46.739 05-12-20-1.tif to C:/Program Files/KOMP/ImageDownload/pictures/JAX_ERG_003
[2023-09-07 17:20:44,571->download_from_drive.py->download_from_drive():144]INFO: Done downloading file D4892-OS 13-24-46.739 05-12-20-1.tif
[2023-09-07 17:20:44,571->download_from_drive.py->download_from_drive():147]INFO: Start to send file D4892-OS 13-24-46.739 05-12-20-1.tif to bhjlk02lp.jax.org
[2023-09-07 17:20:44,774->download_from_drive.py->send_to_server():197]INFO: Uploading D4892-OS 13-24-46.739 05-12-20-1.tif
[2023-09-07 17:20:44,805->download_from_drive.py->db_init():24]INFO: Connecting to database . . .
[2023-09-07 17:21:23,994->download_from_drive.py->update_images_status():66]DEBUG: UPDATE KOMP.imagefileuploadstatus SET DateOfUpload='2023-09-07', UploadStatus='Success', Message='File successfully uploaded to server' WHERE _ImageFile_key = 26893;
[2023-09-07 17:21:24,010->download_from_drive.py->send_to_server():209]INFO: Finish uploading D4892-OS 13-24-46.739 05-12-20-1.tif
[2023-09-07 17:21:24,010->download_from_drive.py->DFS():222]DEBUG: C:/Program Files/KOMP/ImageDownload/pictures/JAX_ERG_003\D4892-OS 13-24-46.739 05-12-20-1.tif
[2023-09-07 17:21:24,010->download_from_drive.py->DFS():224]DEBUG: Deleteing C:/Program Files/KOMP/ImageDownload/pictures/JAX_ERG_003\D4892-OS 13-24-46.739 05-12-20-1.tif
[2023-09-07 17:21:24,010->download_from_drive.py->download_from_drive():140]INFO: Starting downloading //bht2stor.jax.org/phenotype/ERG-V2/KOMP/images/D6214-OS 10-54-24.583 05-13-20-1.tif to C:/Program Files/KOMP/ImageDownload/pictures/JAX_ERG_003
[2023-09-07 17:21:24,088->download_from_drive.py->download_from_drive():144]INFO: Done downloading file D6214-OS 10-54-24.583 05-13-20-1.tif
[2023-09-07 17:21:24,088->download_from_drive.py->download_from_drive():147]INFO: Start to send file D6214-OS 10-54-24.583 05-13-20-1.tif to bhjlk02lp.jax.org
[2023-09-07 17:21:24,291->download_from_drive.py->send_to_server():197]INFO: Uploading D6214-OS 10-54-24.583 05-13-20-1.tif
[2023-09-07 17:21:24,322->download_from_drive.py->db_init():24]INFO: Connecting to database . . .
[2023-09-07 17:22:03,285->download_from_drive.py->update_images_status():66]DEBUG: UPDATE KOMP.imagefileuploadstatus SET DateOfUpload='2023-09-07', UploadStatus='Success', Message='File successfully uploaded to server' WHERE _ImageFile_key = 26894;
[2023-09-07 17:22:03,285->download_from_drive.py->send_to_server():209]INFO: Finish uploading D6214-OS 10-54-24.583 05-13-20-1.tif
[2023-09-07 17:22:03,285->download_from_drive.py->DFS():222]DEBUG: C:/Program Files/KOMP/ImageDownload/pictures/JAX_ERG_003\D6214-OS 10-54-24.583 05-13-20-1.tif
[2023-09-07 17:22:03,285->download_from_drive.py->DFS():224]DEBUG: Deleteing C:/Program Files/KOMP/ImageDownload/pictures/JAX_ERG_003\D6214-OS 10-54-24.583 05-13-20-1.tif
[2023-09-07 17:22:03,285->download_from_drive.py->download_from_drive():140]INFO: Starting downloading //bht2stor.jax.org/phenotype/ERG-V2/KOMP/images/D6214-OD 10-54-08.413 05-13-20-1.tif to C:/Program Files/KOMP/ImageDownload/pictures/JAX_ERG_003
[2023-09-07 17:22:03,363->download_from_drive.py->download_from_drive():144]INFO: Done downloading file D6214-OD 10-54-08.413 05-13-20-1.tif
[2023-09-07 17:22:03,363->download_from_drive.py->download_from_drive():147]INFO: Start to send file D6214-OD 10-54-08.413 05-13-20-1.tif to bhjlk02lp.jax.org
[2023-09-07 17:22:03,566->download_from_drive.py->send_to_server():197]INFO: Uploading D6214-OD 10-54-08.413 05-13-20-1.tif
[2023-09-07 17:22:03,597->download_from_drive.py->db_init():24]INFO: Connecting to database . . .
[2023-09-07 17:22:43,013->download_from_drive.py->update_images_status():66]DEBUG: UPDATE KOMP.imagefileuploadstatus SET DateOfUpload='2023-09-07', UploadStatus='Success', Message='File successfully uploaded to server' WHERE _ImageFile_key = 26895;
[2023-09-07 17:22:43,013->download_from_drive.py->send_to_server():209]INFO: Finish uploading D6214-OD 10-54-08.413 05-13-20-1.tif
[2023-09-07 17:22:43,013->download_from_drive.py->DFS():222]DEBUG: C:/Program Files/KOMP/ImageDownload/pictures/JAX_ERG_003\D6214-OD 10-54-08.413 05-13-20-1.tif
[2023-09-07 17:22:43,013->download_from_drive.py->DFS():224]DEBUG: Deleteing C:/Program Files/KOMP/ImageDownload/pictures/JAX_ERG_003\D6214-OD 10-54-08.413 05-13-20-1.tif
[2023-09-07 17:22:43,013->download_from_drive.py->download_from_drive():140]INFO: Starting downloading //bht2stor.jax.org/phenotype/ERG-V2/KOMP/images/D27021-OD 11-00-57.735 09-16-20-1.tif to C:/Program Files/KOMP/ImageDownload/pictures/JAX_ERG_003
[2023-09-07 17:22:43,076->download_from_drive.py->download_from_drive():144]INFO: Done downloading file D27021-OD 11-00-57.735 09-16-20-1.tif
[2023-09-07 17:22:43,076->download_from_drive.py->download_from_drive():147]INFO: Start to send file D27021-OD 11-00-57.735 09-16-20-1.tif to bhjlk02lp.jax.org
[2023-09-07 17:22:43,295->download_from_drive.py->send_to_server():197]INFO: Uploading D27021-OD 11-00-57.735 09-16-20-1.tif
[2023-09-07 17:22:43,326->download_from_drive.py->db_init():24]INFO: Connecting to database . . .
[2023-09-07 17:23:22,335->download_from_drive.py->update_images_status():66]DEBUG: UPDATE KOMP.imagefileuploadstatus SET DateOfUpload='2023-09-07', UploadStatus='Success', Message='File successfully uploaded to server' WHERE _ImageFile_key = 26896;
[2023-09-07 17:23:22,335->download_from_drive.py->send_to_server():209]INFO: Finish uploading D27021-OD 11-00-57.735 09-16-20-1.tif
[2023-09-07 17:23:22,335->download_from_drive.py->DFS():222]DEBUG: C:/Program Files/KOMP/ImageDownload/pictures/JAX_ERG_003\D27021-OD 11-00-57.735 09-16-20-1.tif
[2023-09-07 17:23:22,335->download_from_drive.py->DFS():224]DEBUG: Deleteing C:/Program Files/KOMP/ImageDownload/pictures/JAX_ERG_003\D27021-OD 11-00-57.735 09-16-20-1.tif
[2023-09-07 17:23:22,351->download_from_drive.py->download_from_drive():140]INFO: Starting downloading //bht2stor.jax.org/phenotype/ERG-V2/KOMP/images/D27023-OS 11-34-32.397 09-16-20-1.tif to C:/Program Files/KOMP/ImageDownload/pictures/JAX_ERG_003
[2023-09-07 17:23:22,429->download_from_drive.py->download_from_drive():144]INFO: Done downloading file D27023-OS 11-34-32.397 09-16-20-1.tif
[2023-09-07 17:23:22,429->download_from_drive.py->download_from_drive():147]INFO: Start to send file D27023-OS 11-34-32.397 09-16-20-1.tif to bhjlk02lp.jax.org
[2023-09-07 17:23:22,632->download_from_drive.py->send_to_server():197]INFO: Uploading D27023-OS 11-34-32.397 09-16-20-1.tif
[2023-09-07 17:23:22,648->download_from_drive.py->db_init():24]INFO: Connecting to database . . .
[2023-09-07 17:24:01,465->download_from_drive.py->update_images_status():66]DEBUG: UPDATE KOMP.imagefileuploadstatus SET DateOfUpload='2023-09-07', UploadStatus='Success', Message='File successfully uploaded to server' WHERE _ImageFile_key = 26897;
[2023-09-07 17:24:01,481->download_from_drive.py->send_to_server():209]INFO: Finish uploading D27023-OS 11-34-32.397 09-16-20-1.tif
[2023-09-07 17:24:01,481->download_from_drive.py->DFS():222]DEBUG: C:/Program Files/KOMP/ImageDownload/pictures/JAX_ERG_003\D27023-OS 11-34-32.397 09-16-20-1.tif
[2023-09-07 17:24:01,481->download_from_drive.py->DFS():224]DEBUG: Deleteing C:/Program Files/KOMP/ImageDownload/pictures/JAX_ERG_003\D27023-OS 11-34-32.397 09-16-20-1.tif
[2023-09-07 17:24:01,481->download_from_drive.py->download_from_drive():140]INFO: Starting downloading //bht2stor.jax.org/phenotype/ERG-V2/KOMP/images/D27023-OD 11-33-29.123 09-16-20-1.tif to C:/Program Files/KOMP/ImageDownload/pictures/JAX_ERG_003
[2023-09-07 17:24:01,559->download_from_drive.py->download_from_drive():144]INFO: Done downloading file D27023-OD 11-33-29.123 09-16-20-1.tif
[2023-09-07 17:24:01,559->download_from_drive.py->download_from_drive():147]INFO: Start to send file D27023-OD 11-33-29.123 09-16-20-1.tif to bhjlk02lp.jax.org
[2023-09-07 17:24:01,762->download_from_drive.py->send_to_server():197]INFO: Uploading D27023-OD 11-33-29.123 09-16-20-1.tif
[2023-09-07 17:24:01,780->download_from_drive.py->db_init():24]INFO: Connecting to database . . .
[2023-09-07 17:24:40,934->download_from_drive.py->update_images_status():66]DEBUG: UPDATE KOMP.imagefileuploadstatus SET DateOfUpload='2023-09-07', UploadStatus='Success', Message='File successfully uploaded to server' WHERE _ImageFile_key = 26898;
[2023-09-07 17:24:40,934->download_from_drive.py->send_to_server():209]INFO: Finish uploading D27023-OD 11-33-29.123 09-16-20-1.tif
[2023-09-07 17:24:40,934->download_from_drive.py->DFS():222]DEBUG: C:/Program Files/KOMP/ImageDownload/pictures/JAX_ERG_003\D27023-OD 11-33-29.123 09-16-20-1.tif
[2023-09-07 17:24:40,934->download_from_drive.py->DFS():224]DEBUG: Deleteing C:/Program Files/KOMP/ImageDownload/pictures/JAX_ERG_003\D27023-OD 11-33-29.123 09-16-20-1.tif
[2023-09-07 17:24:40,934->download_from_drive.py->download_from_drive():140]INFO: Starting downloading //bht2stor.jax.org/phenotype/ERG-V2/KOMP/images/D27024-OS 11-13-38.469 09-16-20-1.tif to C:/Program Files/KOMP/ImageDownload/pictures/JAX_ERG_003
[2023-09-07 17:24:41,200->download_from_drive.py->download_from_drive():144]INFO: Done downloading file D27024-OS 11-13-38.469 09-16-20-1.tif
[2023-09-07 17:24:41,200->download_from_drive.py->download_from_drive():147]INFO: Start to send file D27024-OS 11-13-38.469 09-16-20-1.tif to bhjlk02lp.jax.org
[2023-09-07 17:24:41,418->download_from_drive.py->send_to_server():197]INFO: Uploading D27024-OS 11-13-38.469 09-16-20-1.tif
[2023-09-07 17:24:41,450->download_from_drive.py->db_init():24]INFO: Connecting to database . . .
[2023-09-07 17:25:19,762->download_from_drive.py->update_images_status():66]DEBUG: UPDATE KOMP.imagefileuploadstatus SET DateOfUpload='2023-09-07', UploadStatus='Success', Message='File successfully uploaded to server' WHERE _ImageFile_key = 26899;
[2023-09-07 17:25:19,777->download_from_drive.py->send_to_server():209]INFO: Finish uploading D27024-OS 11-13-38.469 09-16-20-1.tif
[2023-09-07 17:25:19,777->download_from_drive.py->DFS():222]DEBUG: C:/Program Files/KOMP/ImageDownload/pictures/JAX_ERG_003\D27024-OS 11-13-38.469 09-16-20-1.tif
[2023-09-07 17:25:19,777->download_from_drive.py->DFS():224]DEBUG: Deleteing C:/Program Files/KOMP/ImageDownload/pictures/JAX_ERG_003\D27024-OS 11-13-38.469 09-16-20-1.tif
[2023-09-07 17:25:19,777->download_from_drive.py->download_from_drive():140]INFO: Starting downloading //bht2stor.jax.org/phenotype/ERG-V2/KOMP/images/D27024-OD 11-12-17.505 09-16-20-1.tif to C:/Program Files/KOMP/ImageDownload/pictures/JAX_ERG_003
[2023-09-07 17:25:19,918->download_from_drive.py->download_from_drive():144]INFO: Done downloading file D27024-OD 11-12-17.505 09-16-20-1.tif
[2023-09-07 17:25:19,934->download_from_drive.py->download_from_drive():147]INFO: Start to send file D27024-OD 11-12-17.505 09-16-20-1.tif to bhjlk02lp.jax.org
[2023-09-07 17:25:20,137->download_from_drive.py->send_to_server():197]INFO: Uploading D27024-OD 11-12-17.505 09-16-20-1.tif
[2023-09-07 17:25:20,152->download_from_drive.py->db_init():24]INFO: Connecting to database . . .
[2023-09-07 17:25:58,377->download_from_drive.py->update_images_status():66]DEBUG: UPDATE KOMP.imagefileuploadstatus SET DateOfUpload='2023-09-07', UploadStatus='Success', Message='File successfully uploaded to server' WHERE _ImageFile_key = 26900;
[2023-09-07 17:25:58,393->download_from_drive.py->send_to_server():209]INFO: Finish uploading D27024-OD 11-12-17.505 09-16-20-1.tif
[2023-09-07 17:25:58,393->download_from_drive.py->DFS():222]DEBUG: C:/Program Files/KOMP/ImageDownload/pictures/JAX_ERG_003\D27024-OD 11-12-17.505 09-16-20-1.tif
[2023-09-07 17:25:58,393->download_from_drive.py->DFS():224]DEBUG: Deleteing C:/Program Files/KOMP/ImageDownload/pictures/JAX_ERG_003\D27024-OD 11-12-17.505 09-16-20-1.tif
[2023-09-07 17:25:58,393->download_from_drive.py->download_from_drive():140]INFO: Starting downloading //bht2stor.jax.org/phenotype/ERG-V2/KOMP/images/D27025-OS 11-51-42.474 09-16-20-1.tif to C:/Program Files/KOMP/ImageDownload/pictures/JAX_ERG_003
[2023-09-07 17:25:58,455->download_from_drive.py->download_from_drive():144]INFO: Done downloading file D27025-OS 11-51-42.474 09-16-20-1.tif
[2023-09-07 17:25:58,455->download_from_drive.py->download_from_drive():147]INFO: Start to send file D27025-OS 11-51-42.474 09-16-20-1.tif to bhjlk02lp.jax.org
[2023-09-07 17:25:58,658->download_from_drive.py->send_to_server():197]INFO: Uploading D27025-OS 11-51-42.474 09-16-20-1.tif
[2023-09-07 17:25:58,690->download_from_drive.py->db_init():24]INFO: Connecting to database . . .
[2023-09-07 17:26:37,557->download_from_drive.py->update_images_status():66]DEBUG: UPDATE KOMP.imagefileuploadstatus SET DateOfUpload='2023-09-07', UploadStatus='Success', Message='File successfully uploaded to server' WHERE _ImageFile_key = 26901;
[2023-09-07 17:26:37,573->download_from_drive.py->send_to_server():209]INFO: Finish uploading D27025-OS 11-51-42.474 09-16-20-1.tif
[2023-09-07 17:26:37,573->download_from_drive.py->DFS():222]DEBUG: C:/Program Files/KOMP/ImageDownload/pictures/JAX_ERG_003\D27025-OS 11-51-42.474 09-16-20-1.tif
[2023-09-07 17:26:37,573->download_from_drive.py->DFS():224]DEBUG: Deleteing C:/Program Files/KOMP/ImageDownload/pictures/JAX_ERG_003\D27025-OS 11-51-42.474 09-16-20-1.tif
[2023-09-07 17:26:37,573->download_from_drive.py->download_from_drive():140]INFO: Starting downloading //bht2stor.jax.org/phenotype/ERG-V2/KOMP/images/D27025-OD 11-50-29.036 09-16-20-1.tif to C:/Program Files/KOMP/ImageDownload/pictures/JAX_ERG_003
[2023-09-07 17:26:37,651->download_from_drive.py->download_from_drive():144]INFO: Done downloading file D27025-OD 11-50-29.036 09-16-20-1.tif
[2023-09-07 17:26:37,651->download_from_drive.py->download_from_drive():147]INFO: Start to send file D27025-OD 11-50-29.036 09-16-20-1.tif to bhjlk02lp.jax.org
[2023-09-07 17:26:37,870->download_from_drive.py->send_to_server():197]INFO: Uploading D27025-OD 11-50-29.036 09-16-20-1.tif
[2023-09-07 17:26:37,901->download_from_drive.py->db_init():24]INFO: Connecting to database . . .
[2023-09-07 17:27:16,781->download_from_drive.py->update_images_status():66]DEBUG: UPDATE KOMP.imagefileuploadstatus SET DateOfUpload='2023-09-07', UploadStatus='Success', Message='File successfully uploaded to server' WHERE _ImageFile_key = 26902;
[2023-09-07 17:27:16,781->download_from_drive.py->send_to_server():209]INFO: Finish uploading D27025-OD 11-50-29.036 09-16-20-1.tif
[2023-09-07 17:27:16,781->download_from_drive.py->DFS():222]DEBUG: C:/Program Files/KOMP/ImageDownload/pictures/JAX_ERG_003\D27025-OD 11-50-29.036 09-16-20-1.tif
[2023-09-07 17:27:16,781->download_from_drive.py->DFS():224]DEBUG: Deleteing C:/Program Files/KOMP/ImageDownload/pictures/JAX_ERG_003\D27025-OD 11-50-29.036 09-16-20-1.tif
